Command line invocation:
    /Applications/Xcode.app/Contents/Developer/usr/bin/xcodebuild -scheme ResetNow -destination "platform=iOS Simulator,name=iPhone 17" clean build

CreateBuildRequest

SendProjectDescription

CreateBuildOperation

** CLEAN SUCCEEDED **

ComputePackagePrebuildTargetDependencyGraph

Prepare packages

CreateBuildRequest

SendProjectDescription

CreateBuildOperation

ComputeTargetDependencyGraph
note: Building targets in dependency order
note: Target dependency graph (2 targets)
    Target 'ResetNow' in project 'ResetNow'
        ➜ Explicit dependency on target 'ResetNowWidgetExtension' in project 'ResetNow'
    Target 'ResetNowWidgetExtension' in project 'ResetNow' (no dependencies)

GatherProvisioningInputs

CreateBuildDescription

ExecuteExternalTool /Applications/Xcode.app/Contents/Developer/Toolchains/XcodeDefault.xctoolchain/usr/bin/clang -v -E -dM -isysroot /Applications/Xcode.app/Contents/Developer/Platforms/iPhoneSimulator.platform/Developer/SDKs/iPhoneSimulator26.1.sdk -x c -c /dev/null

ExecuteExternalTool /Applications/Xcode.app/Contents/Developer/usr/bin/actool --version --output-format xml1

ExecuteExternalTool /Applications/Xcode.app/Contents/Developer/usr/bin/momc --dry-run --action generate --swift-version 5.0 --sdkroot /Applications/Xcode.app/Contents/Developer/Platforms/iPhoneSimulator.platform/Developer/SDKs/iPhoneSimulator26.1.sdk --iphonesimulator-deployment-target 17.0 --module ResetNow /Users/tahirah-macmini/Documents/Projects /ResetNow/ResetNow/Persistence/ResetNow.xcdatamodeld /Users/tahirah-macmini/Library/Developer/Xcode/DerivedData/ResetNow-ggrhzvsyxraabjetqvsnsuizgdcr/Build/Intermediates.noindex/ResetNow.build/Debug-iphonesimulator/ResetNow.build/DerivedSources/CoreDataGenerated/ResetNow

ExecuteExternalTool /Applications/Xcode.app/Contents/Developer/Toolchains/XcodeDefault.xctoolchain/usr/bin/swiftc --version

ExecuteExternalTool /Applications/Xcode.app/Contents/Developer/usr/bin/actool --print-asset-tag-combinations --output-format xml1 /Users/tahirah-macmini/Documents/Projects /ResetNow/ResetNow/Assets.xcassets

ExecuteExternalTool /Applications/Xcode.app/Contents/Developer/Toolchains/XcodeDefault.xctoolchain/usr/bin/ld -version_details

Build description signature: 2d65727e997daa55aa89b5ee46ca27bd
Build description path: /Users/tahirah-macmini/Library/Developer/Xcode/DerivedData/ResetNow-ggrhzvsyxraabjetqvsnsuizgdcr/Build/Intermediates.noindex/XCBuildData/2d65727e997daa55aa89b5ee46ca27bd.xcbuilddata
ClangStatCache /Applications/Xcode.app/Contents/Developer/Toolchains/XcodeDefault.xctoolchain/usr/bin/clang-stat-cache /Applications/Xcode.app/Contents/Developer/Platforms/iPhoneSimulator.platform/Developer/SDKs/iPhoneSimulator26.1.sdk /Users/tahirah-macmini/Library/Developer/Xcode/DerivedData/SDKStatCaches.noindex/iphonesimulator26.1-23B77-90cf18a4295e390e64c810bc6bd7acbc.sdkstatcache
    cd /Users/tahirah-macmini/Documents/Projects\ /ResetNow/ResetNow.xcodeproj
    /Applications/Xcode.app/Contents/Developer/Toolchains/XcodeDefault.xctoolchain/usr/bin/clang-stat-cache /Applications/Xcode.app/Contents/Developer/Platforms/iPhoneSimulator.platform/Developer/SDKs/iPhoneSimulator26.1.sdk -o /Users/tahirah-macmini/Library/Developer/Xcode/DerivedData/SDKStatCaches.noindex/iphonesimulator26.1-23B77-90cf18a4295e390e64c810bc6bd7acbc.sdkstatcache

CreateBuildDirectory /Users/tahirah-macmini/Library/Developer/Xcode/DerivedData/ResetNow-ggrhzvsyxraabjetqvsnsuizgdcr/Build/Products
    cd /Users/tahirah-macmini/Documents/Projects\ /ResetNow/ResetNow.xcodeproj
    builtin-create-build-directory /Users/tahirah-macmini/Library/Developer/Xcode/DerivedData/ResetNow-ggrhzvsyxraabjetqvsnsuizgdcr/Build/Products

CreateBuildDirectory /Users/tahirah-macmini/Library/Developer/Xcode/DerivedData/ResetNow-ggrhzvsyxraabjetqvsnsuizgdcr/Build/Intermediates.noindex
    cd /Users/tahirah-macmini/Documents/Projects\ /ResetNow/ResetNow.xcodeproj
    builtin-create-build-directory /Users/tahirah-macmini/Library/Developer/Xcode/DerivedData/ResetNow-ggrhzvsyxraabjetqvsnsuizgdcr/Build/Intermediates.noindex

CreateBuildDirectory /Users/tahirah-macmini/Library/Developer/Xcode/DerivedData/ResetNow-ggrhzvsyxraabjetqvsnsuizgdcr/Build/Products/Debug-iphonesimulator
    cd /Users/tahirah-macmini/Documents/Projects\ /ResetNow/ResetNow.xcodeproj
    builtin-create-build-directory /Users/tahirah-macmini/Library/Developer/Xcode/DerivedData/ResetNow-ggrhzvsyxraabjetqvsnsuizgdcr/Build/Products/Debug-iphonesimulator

CreateBuildDirectory /Users/tahirah-macmini/Library/Developer/Xcode/DerivedData/ResetNow-ggrhzvsyxraabjetqvsnsuizgdcr/Build/Intermediates.noindex/SwiftExplicitPrecompiledModules
    cd /Users/tahirah-macmini/Documents/Projects\ /ResetNow/ResetNow.xcodeproj
    builtin-create-build-directory /Users/tahirah-macmini/Library/Developer/Xcode/DerivedData/ResetNow-ggrhzvsyxraabjetqvsnsuizgdcr/Build/Intermediates.noindex/SwiftExplicitPrecompiledModules

CreateBuildDirectory /Users/tahirah-macmini/Library/Developer/Xcode/DerivedData/ResetNow-ggrhzvsyxraabjetqvsnsuizgdcr/Build/Intermediates.noindex/ExplicitPrecompiledModules
    cd /Users/tahirah-macmini/Documents/Projects\ /ResetNow/ResetNow.xcodeproj
    builtin-create-build-directory /Users/tahirah-macmini/Library/Developer/Xcode/DerivedData/ResetNow-ggrhzvsyxraabjetqvsnsuizgdcr/Build/Intermediates.noindex/ExplicitPrecompiledModules

CreateBuildDirectory /Users/tahirah-macmini/Library/Developer/Xcode/DerivedData/ResetNow-ggrhzvsyxraabjetqvsnsuizgdcr/Build/Intermediates.noindex/EagerLinkingTBDs/Debug-iphonesimulator
    cd /Users/tahirah-macmini/Documents/Projects\ /ResetNow/ResetNow.xcodeproj
    builtin-create-build-directory /Users/tahirah-macmini/Library/Developer/Xcode/DerivedData/ResetNow-ggrhzvsyxraabjetqvsnsuizgdcr/Build/Intermediates.noindex/EagerLinkingTBDs/Debug-iphonesimulator

WriteAuxiliaryFile /Users/tahirah-macmini/Library/Developer/Xcode/DerivedData/ResetNow-ggrhzvsyxraabjetqvsnsuizgdcr/Build/Intermediates.noindex/ResetNow.build/Debug-iphonesimulator/ResetNow-a74a14c8b57f054b5aea7edc4857515b-VFS-iphonesimulator/all-product-headers.yaml
    cd /Users/tahirah-macmini/Documents/Projects\ /ResetNow/ResetNow.xcodeproj
    write-file /Users/tahirah-macmini/Library/Developer/Xcode/DerivedData/ResetNow-ggrhzvsyxraabjetqvsnsuizgdcr/Build/Intermediates.noindex/ResetNow.build/Debug-iphonesimulator/ResetNow-a74a14c8b57f054b5aea7edc4857515b-VFS-iphonesimulator/all-product-headers.yaml

WriteAuxiliaryFile /Users/tahirah-macmini/Library/Developer/Xcode/DerivedData/ResetNow-ggrhzvsyxraabjetqvsnsuizgdcr/Build/Intermediates.noindex/ResetNow.build/Debug-iphonesimulator/ResetNowWidgetExtension.build/ResetNowWidgetExtension.DependencyStaticMetadataFileList (in target 'ResetNowWidgetExtension' from project 'ResetNow')
    cd /Users/tahirah-macmini/Documents/Projects\ /ResetNow
    write-file /Users/tahirah-macmini/Library/Developer/Xcode/DerivedData/ResetNow-ggrhzvsyxraabjetqvsnsuizgdcr/Build/Intermediates.noindex/ResetNow.build/Debug-iphonesimulator/ResetNowWidgetExtension.build/ResetNowWidgetExtension.DependencyStaticMetadataFileList

WriteAuxiliaryFile /Users/tahirah-macmini/Library/Developer/Xcode/DerivedData/ResetNow-ggrhzvsyxraabjetqvsnsuizgdcr/Build/Intermediates.noindex/ResetNow.build/Debug-iphonesimulator/ResetNowWidgetExtension.build/ResetNowWidgetExtension.hmap (in target 'ResetNowWidgetExtension' from project 'ResetNow')
    cd /Users/tahirah-macmini/Documents/Projects\ /ResetNow
    write-file /Users/tahirah-macmini/Library/Developer/Xcode/DerivedData/ResetNow-ggrhzvsyxraabjetqvsnsuizgdcr/Build/Intermediates.noindex/ResetNow.build/Debug-iphonesimulator/ResetNowWidgetExtension.build/ResetNowWidgetExtension.hmap

WriteAuxiliaryFile /Users/tahirah-macmini/Library/Developer/Xcode/DerivedData/ResetNow-ggrhzvsyxraabjetqvsnsuizgdcr/Build/Intermediates.noindex/ResetNow.build/Debug-iphonesimulator/ResetNowWidgetExtension.build/ResetNowWidgetExtension.DependencyMetadataFileList (in target 'ResetNowWidgetExtension' from project 'ResetNow')
    cd /Users/tahirah-macmini/Documents/Projects\ /ResetNow
    write-file /Users/tahirah-macmini/Library/Developer/Xcode/DerivedData/ResetNow-ggrhzvsyxraabjetqvsnsuizgdcr/Build/Intermediates.noindex/ResetNow.build/Debug-iphonesimulator/ResetNowWidgetExtension.build/ResetNowWidgetExtension.DependencyMetadataFileList

WriteAuxiliaryFile /Users/tahirah-macmini/Library/Developer/Xcode/DerivedData/ResetNow-ggrhzvsyxraabjetqvsnsuizgdcr/Build/Intermediates.noindex/ResetNow.build/Debug-iphonesimulator/ResetNowWidgetExtension.build/ResetNowWidgetExtension-project-headers.hmap (in target 'ResetNowWidgetExtension' from project 'ResetNow')
    cd /Users/tahirah-macmini/Documents/Projects\ /ResetNow
    write-file /Users/tahirah-macmini/Library/Developer/Xcode/DerivedData/ResetNow-ggrhzvsyxraabjetqvsnsuizgdcr/Build/Intermediates.noindex/ResetNow.build/Debug-iphonesimulator/ResetNowWidgetExtension.build/ResetNowWidgetExtension-project-headers.hmap

WriteAuxiliaryFile /Users/tahirah-macmini/Library/Developer/Xcode/DerivedData/ResetNow-ggrhzvsyxraabjetqvsnsuizgdcr/Build/Intermediates.noindex/ResetNow.build/Debug-iphonesimulator/ResetNowWidgetExtension.build/ResetNowWidgetExtension-own-target-headers.hmap (in target 'ResetNowWidgetExtension' from project 'ResetNow')
    cd /Users/tahirah-macmini/Documents/Projects\ /ResetNow
    write-file /Users/tahirah-macmini/Library/Developer/Xcode/DerivedData/ResetNow-ggrhzvsyxraabjetqvsnsuizgdcr/Build/Intermediates.noindex/ResetNow.build/Debug-iphonesimulator/ResetNowWidgetExtension.build/ResetNowWidgetExtension-own-target-headers.hmap

WriteAuxiliaryFile /Users/tahirah-macmini/Library/Developer/Xcode/DerivedData/ResetNow-ggrhzvsyxraabjetqvsnsuizgdcr/Build/Intermediates.noindex/ResetNow.build/Debug-iphonesimulator/ResetNowWidgetExtension.build/ResetNowWidgetExtension-generated-files.hmap (in target 'ResetNowWidgetExtension' from project 'ResetNow')
    cd /Users/tahirah-macmini/Documents/Projects\ /ResetNow
    write-file /Users/tahirah-macmini/Library/Developer/Xcode/DerivedData/ResetNow-ggrhzvsyxraabjetqvsnsuizgdcr/Build/Intermediates.noindex/ResetNow.build/Debug-iphonesimulator/ResetNowWidgetExtension.build/ResetNowWidgetExtension-generated-files.hmap

WriteAuxiliaryFile /Users/tahirah-macmini/Library/Developer/Xcode/DerivedData/ResetNow-ggrhzvsyxraabjetqvsnsuizgdcr/Build/Intermediates.noindex/ResetNow.build/Debug-iphonesimulator/ResetNowWidgetExtension.build/ResetNowWidgetExtension-all-target-headers.hmap (in target 'ResetNowWidgetExtension' from project 'ResetNow')
    cd /Users/tahirah-macmini/Documents/Projects\ /ResetNow
    write-file /Users/tahirah-macmini/Library/Developer/Xcode/DerivedData/ResetNow-ggrhzvsyxraabjetqvsnsuizgdcr/Build/Intermediates.noindex/ResetNow.build/Debug-iphonesimulator/ResetNowWidgetExtension.build/ResetNowWidgetExtension-all-target-headers.hmap

WriteAuxiliaryFile /Users/tahirah-macmini/Library/Developer/Xcode/DerivedData/ResetNow-ggrhzvsyxraabjetqvsnsuizgdcr/Build/Intermediates.noindex/ResetNow.build/Debug-iphonesimulator/ResetNowWidgetExtension.build/ResetNowWidgetExtension-all-non-framework-target-headers.hmap (in target 'ResetNowWidgetExtension' from project 'ResetNow')
    cd /Users/tahirah-macmini/Documents/Projects\ /ResetNow
    write-file /Users/tahirah-macmini/Library/Developer/Xcode/DerivedData/ResetNow-ggrhzvsyxraabjetqvsnsuizgdcr/Build/Intermediates.noindex/ResetNow.build/Debug-iphonesimulator/ResetNowWidgetExtension.build/ResetNowWidgetExtension-all-non-framework-target-headers.hmap

WriteAuxiliaryFile /Users/tahirah-macmini/Library/Developer/Xcode/DerivedData/ResetNow-ggrhzvsyxraabjetqvsnsuizgdcr/Build/Intermediates.noindex/ResetNow.build/Debug-iphonesimulator/ResetNowWidgetExtension.build/ResetNowWidgetExtension-DebugEntryPoint-normal-arm64.txt (in target 'ResetNowWidgetExtension' from project 'ResetNow')
    cd /Users/tahirah-macmini/Documents/Projects\ /ResetNow
    write-file /Users/tahirah-macmini/Library/Developer/Xcode/DerivedData/ResetNow-ggrhzvsyxraabjetqvsnsuizgdcr/Build/Intermediates.noindex/ResetNow.build/Debug-iphonesimulator/ResetNowWidgetExtension.build/ResetNowWidgetExtension-DebugEntryPoint-normal-arm64.txt

WriteAuxiliaryFile /Users/tahirah-macmini/Library/Developer/Xcode/DerivedData/ResetNow-ggrhzvsyxraabjetqvsnsuizgdcr/Build/Intermediates.noindex/ResetNow.build/Debug-iphonesimulator/ResetNowWidgetExtension.build/ResetNowWidgetExtension-DebugDylibPath-normal-arm64.txt (in target 'ResetNowWidgetExtension' from project 'ResetNow')
    cd /Users/tahirah-macmini/Documents/Projects\ /ResetNow
    write-file /Users/tahirah-macmini/Library/Developer/Xcode/DerivedData/ResetNow-ggrhzvsyxraabjetqvsnsuizgdcr/Build/Intermediates.noindex/ResetNow.build/Debug-iphonesimulator/ResetNowWidgetExtension.build/ResetNowWidgetExtension-DebugDylibPath-normal-arm64.txt

WriteAuxiliaryFile /Users/tahirah-macmini/Library/Developer/Xcode/DerivedData/ResetNow-ggrhzvsyxraabjetqvsnsuizgdcr/Build/Intermediates.noindex/ResetNow.build/Debug-iphonesimulator/ResetNowWidgetExtension.build/ResetNowWidgetExtension-DebugDylibInstallName-normal-arm64.txt (in target 'ResetNowWidgetExtension' from project 'ResetNow')
    cd /Users/tahirah-macmini/Documents/Projects\ /ResetNow
    write-file /Users/tahirah-macmini/Library/Developer/Xcode/DerivedData/ResetNow-ggrhzvsyxraabjetqvsnsuizgdcr/Build/Intermediates.noindex/ResetNow.build/Debug-iphonesimulator/ResetNowWidgetExtension.build/ResetNowWidgetExtension-DebugDylibInstallName-normal-arm64.txt

WriteAuxiliaryFile /Users/tahirah-macmini/Library/Developer/Xcode/DerivedData/ResetNow-ggrhzvsyxraabjetqvsnsuizgdcr/Build/Intermediates.noindex/ResetNow.build/Debug-iphonesimulator/ResetNowWidgetExtension.build/Objects-normal/arm64/ResetNowWidgetExtension_const_extract_protocols.json (in target 'ResetNowWidgetExtension' from project 'ResetNow')
    cd /Users/tahirah-macmini/Documents/Projects\ /ResetNow
    write-file /Users/tahirah-macmini/Library/Developer/Xcode/DerivedData/ResetNow-ggrhzvsyxraabjetqvsnsuizgdcr/Build/Intermediates.noindex/ResetNow.build/Debug-iphonesimulator/ResetNowWidgetExtension.build/Objects-normal/arm64/ResetNowWidgetExtension_const_extract_protocols.json

WriteAuxiliaryFile /Users/tahirah-macmini/Library/Developer/Xcode/DerivedData/ResetNow-ggrhzvsyxraabjetqvsnsuizgdcr/Build/Intermediates.noindex/ResetNow.build/Debug-iphonesimulator/ResetNowWidgetExtension.build/Objects-normal/arm64/ResetNowWidgetExtension.SwiftFileList (in target 'ResetNowWidgetExtension' from project 'ResetNow')
    cd /Users/tahirah-macmini/Documents/Projects\ /ResetNow
    write-file /Users/tahirah-macmini/Library/Developer/Xcode/DerivedData/ResetNow-ggrhzvsyxraabjetqvsnsuizgdcr/Build/Intermediates.noindex/ResetNow.build/Debug-iphonesimulator/ResetNowWidgetExtension.build/Objects-normal/arm64/ResetNowWidgetExtension.SwiftFileList

WriteAuxiliaryFile /Users/tahirah-macmini/Library/Developer/Xcode/DerivedData/ResetNow-ggrhzvsyxraabjetqvsnsuizgdcr/Build/Intermediates.noindex/ResetNow.build/Debug-iphonesimulator/ResetNowWidgetExtension.build/Objects-normal/arm64/ResetNowWidgetExtension.SwiftConstValuesFileList (in target 'ResetNowWidgetExtension' from project 'ResetNow')
    cd /Users/tahirah-macmini/Documents/Projects\ /ResetNow
    write-file /Users/tahirah-macmini/Library/Developer/Xcode/DerivedData/ResetNow-ggrhzvsyxraabjetqvsnsuizgdcr/Build/Intermediates.noindex/ResetNow.build/Debug-iphonesimulator/ResetNowWidgetExtension.build/Objects-normal/arm64/ResetNowWidgetExtension.SwiftConstValuesFileList

WriteAuxiliaryFile /Users/tahirah-macmini/Library/Developer/Xcode/DerivedData/ResetNow-ggrhzvsyxraabjetqvsnsuizgdcr/Build/Intermediates.noindex/ResetNow.build/Debug-iphonesimulator/ResetNowWidgetExtension.build/Objects-normal/arm64/ResetNowWidgetExtension.LinkFileList (in target 'ResetNowWidgetExtension' from project 'ResetNow')
    cd /Users/tahirah-macmini/Documents/Projects\ /ResetNow
    write-file /Users/tahirah-macmini/Library/Developer/Xcode/DerivedData/ResetNow-ggrhzvsyxraabjetqvsnsuizgdcr/Build/Intermediates.noindex/ResetNow.build/Debug-iphonesimulator/ResetNowWidgetExtension.build/Objects-normal/arm64/ResetNowWidgetExtension.LinkFileList

WriteAuxiliaryFile /Users/tahirah-macmini/Library/Developer/Xcode/DerivedData/ResetNow-ggrhzvsyxraabjetqvsnsuizgdcr/Build/Intermediates.noindex/ResetNow.build/Debug-iphonesimulator/ResetNowWidgetExtension.build/Objects-normal/arm64/ResetNowWidgetExtension-OutputFileMap.json (in target 'ResetNowWidgetExtension' from project 'ResetNow')
    cd /Users/tahirah-macmini/Documents/Projects\ /ResetNow
    write-file /Users/tahirah-macmini/Library/Developer/Xcode/DerivedData/ResetNow-ggrhzvsyxraabjetqvsnsuizgdcr/Build/Intermediates.noindex/ResetNow.build/Debug-iphonesimulator/ResetNowWidgetExtension.build/Objects-normal/arm64/ResetNowWidgetExtension-OutputFileMap.json

WriteAuxiliaryFile /Users/tahirah-macmini/Library/Developer/Xcode/DerivedData/ResetNow-ggrhzvsyxraabjetqvsnsuizgdcr/Build/Intermediates.noindex/ResetNow.build/Debug-iphonesimulator/ResetNowWidgetExtension.build/DerivedSources/Entitlements-Simulated.plist (in target 'ResetNowWidgetExtension' from project 'ResetNow')
    cd /Users/tahirah-macmini/Documents/Projects\ /ResetNow
    write-file /Users/tahirah-macmini/Library/Developer/Xcode/DerivedData/ResetNow-ggrhzvsyxraabjetqvsnsuizgdcr/Build/Intermediates.noindex/ResetNow.build/Debug-iphonesimulator/ResetNowWidgetExtension.build/DerivedSources/Entitlements-Simulated.plist

WriteAuxiliaryFile /Users/tahirah-macmini/Library/Developer/Xcode/DerivedData/ResetNow-ggrhzvsyxraabjetqvsnsuizgdcr/Build/Intermediates.noindex/ResetNow.build/Debug-iphonesimulator/ResetNow.build/ResetNow.hmap (in target 'ResetNow' from project 'ResetNow')
    cd /Users/tahirah-macmini/Documents/Projects\ /ResetNow
    write-file /Users/tahirah-macmini/Library/Developer/Xcode/DerivedData/ResetNow-ggrhzvsyxraabjetqvsnsuizgdcr/Build/Intermediates.noindex/ResetNow.build/Debug-iphonesimulator/ResetNow.build/ResetNow.hmap

WriteAuxiliaryFile /Users/tahirah-macmini/Library/Developer/Xcode/DerivedData/ResetNow-ggrhzvsyxraabjetqvsnsuizgdcr/Build/Intermediates.noindex/ResetNow.build/Debug-iphonesimulator/ResetNow.build/ResetNow.DependencyStaticMetadataFileList (in target 'ResetNow' from project 'ResetNow')
    cd /Users/tahirah-macmini/Documents/Projects\ /ResetNow
    write-file /Users/tahirah-macmini/Library/Developer/Xcode/DerivedData/ResetNow-ggrhzvsyxraabjetqvsnsuizgdcr/Build/Intermediates.noindex/ResetNow.build/Debug-iphonesimulator/ResetNow.build/ResetNow.DependencyStaticMetadataFileList

WriteAuxiliaryFile /Users/tahirah-macmini/Library/Developer/Xcode/DerivedData/ResetNow-ggrhzvsyxraabjetqvsnsuizgdcr/Build/Intermediates.noindex/ResetNow.build/Debug-iphonesimulator/ResetNow.build/ResetNow.DependencyMetadataFileList (in target 'ResetNow' from project 'ResetNow')
    cd /Users/tahirah-macmini/Documents/Projects\ /ResetNow
    write-file /Users/tahirah-macmini/Library/Developer/Xcode/DerivedData/ResetNow-ggrhzvsyxraabjetqvsnsuizgdcr/Build/Intermediates.noindex/ResetNow.build/Debug-iphonesimulator/ResetNow.build/ResetNow.DependencyMetadataFileList

WriteAuxiliaryFile /Users/tahirah-macmini/Library/Developer/Xcode/DerivedData/ResetNow-ggrhzvsyxraabjetqvsnsuizgdcr/Build/Intermediates.noindex/ResetNow.build/Debug-iphonesimulator/ResetNow.build/ResetNow-project-headers.hmap (in target 'ResetNow' from project 'ResetNow')
    cd /Users/tahirah-macmini/Documents/Projects\ /ResetNow
    write-file /Users/tahirah-macmini/Library/Developer/Xcode/DerivedData/ResetNow-ggrhzvsyxraabjetqvsnsuizgdcr/Build/Intermediates.noindex/ResetNow.build/Debug-iphonesimulator/ResetNow.build/ResetNow-project-headers.hmap

WriteAuxiliaryFile /Users/tahirah-macmini/Library/Developer/Xcode/DerivedData/ResetNow-ggrhzvsyxraabjetqvsnsuizgdcr/Build/Intermediates.noindex/ResetNow.build/Debug-iphonesimulator/ResetNow.build/ResetNow-own-target-headers.hmap (in target 'ResetNow' from project 'ResetNow')
    cd /Users/tahirah-macmini/Documents/Projects\ /ResetNow
    write-file /Users/tahirah-macmini/Library/Developer/Xcode/DerivedData/ResetNow-ggrhzvsyxraabjetqvsnsuizgdcr/Build/Intermediates.noindex/ResetNow.build/Debug-iphonesimulator/ResetNow.build/ResetNow-own-target-headers.hmap

WriteAuxiliaryFile /Users/tahirah-macmini/Library/Developer/Xcode/DerivedData/ResetNow-ggrhzvsyxraabjetqvsnsuizgdcr/Build/Intermediates.noindex/ResetNow.build/Debug-iphonesimulator/ResetNow.build/ResetNow-generated-files.hmap (in target 'ResetNow' from project 'ResetNow')
    cd /Users/tahirah-macmini/Documents/Projects\ /ResetNow
    write-file /Users/tahirah-macmini/Library/Developer/Xcode/DerivedData/ResetNow-ggrhzvsyxraabjetqvsnsuizgdcr/Build/Intermediates.noindex/ResetNow.build/Debug-iphonesimulator/ResetNow.build/ResetNow-generated-files.hmap

WriteAuxiliaryFile /Users/tahirah-macmini/Library/Developer/Xcode/DerivedData/ResetNow-ggrhzvsyxraabjetqvsnsuizgdcr/Build/Intermediates.noindex/ResetNow.build/Debug-iphonesimulator/ResetNow.build/ResetNow-all-target-headers.hmap (in target 'ResetNow' from project 'ResetNow')
    cd /Users/tahirah-macmini/Documents/Projects\ /ResetNow
    write-file /Users/tahirah-macmini/Library/Developer/Xcode/DerivedData/ResetNow-ggrhzvsyxraabjetqvsnsuizgdcr/Build/Intermediates.noindex/ResetNow.build/Debug-iphonesimulator/ResetNow.build/ResetNow-all-target-headers.hmap

WriteAuxiliaryFile /Users/tahirah-macmini/Library/Developer/Xcode/DerivedData/ResetNow-ggrhzvsyxraabjetqvsnsuizgdcr/Build/Intermediates.noindex/ResetNow.build/Debug-iphonesimulator/ResetNow.build/ResetNow-all-non-framework-target-headers.hmap (in target 'ResetNow' from project 'ResetNow')
    cd /Users/tahirah-macmini/Documents/Projects\ /ResetNow
    write-file /Users/tahirah-macmini/Library/Developer/Xcode/DerivedData/ResetNow-ggrhzvsyxraabjetqvsnsuizgdcr/Build/Intermediates.noindex/ResetNow.build/Debug-iphonesimulator/ResetNow.build/ResetNow-all-non-framework-target-headers.hmap

WriteAuxiliaryFile /Users/tahirah-macmini/Library/Developer/Xcode/DerivedData/ResetNow-ggrhzvsyxraabjetqvsnsuizgdcr/Build/Intermediates.noindex/ResetNow.build/Debug-iphonesimulator/ResetNow.build/ResetNow-DebugDylibPath-normal-arm64.txt (in target 'ResetNow' from project 'ResetNow')
    cd /Users/tahirah-macmini/Documents/Projects\ /ResetNow
    write-file /Users/tahirah-macmini/Library/Developer/Xcode/DerivedData/ResetNow-ggrhzvsyxraabjetqvsnsuizgdcr/Build/Intermediates.noindex/ResetNow.build/Debug-iphonesimulator/ResetNow.build/ResetNow-DebugDylibPath-normal-arm64.txt

WriteAuxiliaryFile /Users/tahirah-macmini/Library/Developer/Xcode/DerivedData/ResetNow-ggrhzvsyxraabjetqvsnsuizgdcr/Build/Intermediates.noindex/ResetNow.build/Debug-iphonesimulator/ResetNow.build/ResetNow-DebugDylibInstallName-normal-arm64.txt (in target 'ResetNow' from project 'ResetNow')
    cd /Users/tahirah-macmini/Documents/Projects\ /ResetNow
    write-file /Users/tahirah-macmini/Library/Developer/Xcode/DerivedData/ResetNow-ggrhzvsyxraabjetqvsnsuizgdcr/Build/Intermediates.noindex/ResetNow.build/Debug-iphonesimulator/ResetNow.build/ResetNow-DebugDylibInstallName-normal-arm64.txt

WriteAuxiliaryFile /Users/tahirah-macmini/Library/Developer/Xcode/DerivedData/ResetNow-ggrhzvsyxraabjetqvsnsuizgdcr/Build/Intermediates.noindex/ResetNow.build/Debug-iphonesimulator/ResetNow.build/Objects-normal/arm64/ResetNow_const_extract_protocols.json (in target 'ResetNow' from project 'ResetNow')
    cd /Users/tahirah-macmini/Documents/Projects\ /ResetNow
    write-file /Users/tahirah-macmini/Library/Developer/Xcode/DerivedData/ResetNow-ggrhzvsyxraabjetqvsnsuizgdcr/Build/Intermediates.noindex/ResetNow.build/Debug-iphonesimulator/ResetNow.build/Objects-normal/arm64/ResetNow_const_extract_protocols.json

WriteAuxiliaryFile /Users/tahirah-macmini/Library/Developer/Xcode/DerivedData/ResetNow-ggrhzvsyxraabjetqvsnsuizgdcr/Build/Intermediates.noindex/ResetNow.build/Debug-iphonesimulator/ResetNow.build/Objects-normal/arm64/ResetNow.SwiftFileList (in target 'ResetNow' from project 'ResetNow')
    cd /Users/tahirah-macmini/Documents/Projects\ /ResetNow
    write-file /Users/tahirah-macmini/Library/Developer/Xcode/DerivedData/ResetNow-ggrhzvsyxraabjetqvsnsuizgdcr/Build/Intermediates.noindex/ResetNow.build/Debug-iphonesimulator/ResetNow.build/Objects-normal/arm64/ResetNow.SwiftFileList

WriteAuxiliaryFile /Users/tahirah-macmini/Library/Developer/Xcode/DerivedData/ResetNow-ggrhzvsyxraabjetqvsnsuizgdcr/Build/Intermediates.noindex/ResetNow.build/Debug-iphonesimulator/ResetNow.build/Objects-normal/arm64/ResetNow.LinkFileList (in target 'ResetNow' from project 'ResetNow')
    cd /Users/tahirah-macmini/Documents/Projects\ /ResetNow
    write-file /Users/tahirah-macmini/Library/Developer/Xcode/DerivedData/ResetNow-ggrhzvsyxraabjetqvsnsuizgdcr/Build/Intermediates.noindex/ResetNow.build/Debug-iphonesimulator/ResetNow.build/Objects-normal/arm64/ResetNow.LinkFileList

WriteAuxiliaryFile /Users/tahirah-macmini/Library/Developer/Xcode/DerivedData/ResetNow-ggrhzvsyxraabjetqvsnsuizgdcr/Build/Intermediates.noindex/ResetNow.build/Debug-iphonesimulator/ResetNow.build/Objects-normal/arm64/ResetNow.SwiftConstValuesFileList (in target 'ResetNow' from project 'ResetNow')
    cd /Users/tahirah-macmini/Documents/Projects\ /ResetNow
    write-file /Users/tahirah-macmini/Library/Developer/Xcode/DerivedData/ResetNow-ggrhzvsyxraabjetqvsnsuizgdcr/Build/Intermediates.noindex/ResetNow.build/Debug-iphonesimulator/ResetNow.build/Objects-normal/arm64/ResetNow.SwiftConstValuesFileList

WriteAuxiliaryFile /Users/tahirah-macmini/Library/Developer/Xcode/DerivedData/ResetNow-ggrhzvsyxraabjetqvsnsuizgdcr/Build/Intermediates.noindex/ResetNow.build/Debug-iphonesimulator/ResetNow.build/Objects-normal/arm64/ResetNow-OutputFileMap.json (in target 'ResetNow' from project 'ResetNow')
    cd /Users/tahirah-macmini/Documents/Projects\ /ResetNow
    write-file /Users/tahirah-macmini/Library/Developer/Xcode/DerivedData/ResetNow-ggrhzvsyxraabjetqvsnsuizgdcr/Build/Intermediates.noindex/ResetNow.build/Debug-iphonesimulator/ResetNow.build/Objects-normal/arm64/ResetNow-OutputFileMap.json

WriteAuxiliaryFile /Users/tahirah-macmini/Library/Developer/Xcode/DerivedData/ResetNow-ggrhzvsyxraabjetqvsnsuizgdcr/Build/Intermediates.noindex/ResetNow.build/Debug-iphonesimulator/ResetNow.build/DerivedSources/Entitlements-Simulated.plist (in target 'ResetNow' from project 'ResetNow')
    cd /Users/tahirah-macmini/Documents/Projects\ /ResetNow
    write-file /Users/tahirah-macmini/Library/Developer/Xcode/DerivedData/ResetNow-ggrhzvsyxraabjetqvsnsuizgdcr/Build/Intermediates.noindex/ResetNow.build/Debug-iphonesimulator/ResetNow.build/DerivedSources/Entitlements-Simulated.plist

MkDir /Users/tahirah-macmini/Library/Developer/Xcode/DerivedData/ResetNow-ggrhzvsyxraabjetqvsnsuizgdcr/Build/Products/Debug-iphonesimulator/ResetNowWidgetExtension.appex (in target 'ResetNowWidgetExtension' from project 'ResetNow')
    cd /Users/tahirah-macmini/Documents/Projects\ /ResetNow
    /bin/mkdir -p /Users/tahirah-macmini/Library/Developer/Xcode/DerivedData/ResetNow-ggrhzvsyxraabjetqvsnsuizgdcr/Build/Products/Debug-iphonesimulator/ResetNowWidgetExtension.appex

MkDir /Users/tahirah-macmini/Library/Developer/Xcode/DerivedData/ResetNow-ggrhzvsyxraabjetqvsnsuizgdcr/Build/Products/Debug-iphonesimulator/ResetNow.app/PlugIns (in target 'ResetNow' from project 'ResetNow')
    cd /Users/tahirah-macmini/Documents/Projects\ /ResetNow
    /bin/mkdir -p /Users/tahirah-macmini/Library/Developer/Xcode/DerivedData/ResetNow-ggrhzvsyxraabjetqvsnsuizgdcr/Build/Products/Debug-iphonesimulator/ResetNow.app/PlugIns

MkDir /Users/tahirah-macmini/Library/Developer/Xcode/DerivedData/ResetNow-ggrhzvsyxraabjetqvsnsuizgdcr/Build/Products/Debug-iphonesimulator/ResetNow.app (in target 'ResetNow' from project 'ResetNow')
    cd /Users/tahirah-macmini/Documents/Projects\ /ResetNow
    /bin/mkdir -p /Users/tahirah-macmini/Library/Developer/Xcode/DerivedData/ResetNow-ggrhzvsyxraabjetqvsnsuizgdcr/Build/Products/Debug-iphonesimulator/ResetNow.app

ProcessProductPackaging "" /Users/tahirah-macmini/Library/Developer/Xcode/DerivedData/ResetNow-ggrhzvsyxraabjetqvsnsuizgdcr/Build/Intermediates.noindex/ResetNow.build/Debug-iphonesimulator/ResetNowWidgetExtension.build/ResetNowWidgetExtension.appex-Simulated.xcent (in target 'ResetNowWidgetExtension' from project 'ResetNow')
    cd /Users/tahirah-macmini/Documents/Projects\ /ResetNow
    
    Entitlements:
    
    {
    "application-identifier" = "F7KFVQ7TUQ.com.resetnow.app.ResetNowWidget";
}
    
    builtin-productPackagingUtility -entitlements -format xml -o /Users/tahirah-macmini/Library/Developer/Xcode/DerivedData/ResetNow-ggrhzvsyxraabjetqvsnsuizgdcr/Build/Intermediates.noindex/ResetNow.build/Debug-iphonesimulator/ResetNowWidgetExtension.build/ResetNowWidgetExtension.appex-Simulated.xcent

ProcessProductPackagingDER /Users/tahirah-macmini/Library/Developer/Xcode/DerivedData/ResetNow-ggrhzvsyxraabjetqvsnsuizgdcr/Build/Intermediates.noindex/ResetNow.build/Debug-iphonesimulator/ResetNowWidgetExtension.build/ResetNowWidgetExtension.appex-Simulated.xcent /Users/tahirah-macmini/Library/Developer/Xcode/DerivedData/ResetNow-ggrhzvsyxraabjetqvsnsuizgdcr/Build/Intermediates.noindex/ResetNow.build/Debug-iphonesimulator/ResetNowWidgetExtension.build/ResetNowWidgetExtension.appex-Simulated.xcent.der (in target 'ResetNowWidgetExtension' from project 'ResetNow')
    cd /Users/tahirah-macmini/Documents/Projects\ /ResetNow
    /usr/bin/derq query -f xml -i /Users/tahirah-macmini/Library/Developer/Xcode/DerivedData/ResetNow-ggrhzvsyxraabjetqvsnsuizgdcr/Build/Intermediates.noindex/ResetNow.build/Debug-iphonesimulator/ResetNowWidgetExtension.build/ResetNowWidgetExtension.appex-Simulated.xcent -o /Users/tahirah-macmini/Library/Developer/Xcode/DerivedData/ResetNow-ggrhzvsyxraabjetqvsnsuizgdcr/Build/Intermediates.noindex/ResetNow.build/Debug-iphonesimulator/ResetNowWidgetExtension.build/ResetNowWidgetExtension.appex-Simulated.xcent.der --raw

Ld /Users/tahirah-macmini/Library/Developer/Xcode/DerivedData/ResetNow-ggrhzvsyxraabjetqvsnsuizgdcr/Build/Products/Debug-iphonesimulator/ResetNowWidgetExtension.appex/__preview.dylib normal (in target 'ResetNowWidgetExtension' from project 'ResetNow')
    cd /Users/tahirah-macmini/Documents/Projects\ /ResetNow
    /Applications/Xcode.app/Contents/Developer/Toolchains/XcodeDefault.xctoolchain/usr/bin/clang -Xlinker -reproducible -target arm64-apple-ios17.0-simulator -dynamiclib -isysroot /Applications/Xcode.app/Contents/Developer/Platforms/iPhoneSimulator.platform/Developer/SDKs/iPhoneSimulator26.1.sdk -O0 -L/Users/tahirah-macmini/Library/Developer/Xcode/DerivedData/ResetNow-ggrhzvsyxraabjetqvsnsuizgdcr/Build/Products/Debug-iphonesimulator -F/Users/tahirah-macmini/Library/Developer/Xcode/DerivedData/ResetNow-ggrhzvsyxraabjetqvsnsuizgdcr/Build/Products/Debug-iphonesimulator -install_name @rpath/ResetNowWidgetExtension.debug.dylib -dead_strip -rdynamic -Xlinker -no_deduplicate -Xlinker -objc_abi_version -Xlinker 2 -Xlinker -dependency_info -Xlinker /Users/tahirah-macmini/Library/Developer/Xcode/DerivedData/ResetNow-ggrhzvsyxraabjetqvsnsuizgdcr/Build/Intermediates.noindex/ResetNow.build/Debug-iphonesimulator/ResetNowWidgetExtension.build/Objects-normal/arm64/ResetNowWidgetExtension_dependency_info.dat -Xlinker -sectcreate -Xlinker __TEXT -Xlinker __entitlements -Xlinker /Users/tahirah-macmini/Library/Developer/Xcode/DerivedData/ResetNow-ggrhzvsyxraabjetqvsnsuizgdcr/Build/Intermediates.noindex/ResetNow.build/Debug-iphonesimulator/ResetNowWidgetExtension.build/ResetNowWidgetExtension.appex-Simulated.xcent -Xlinker -sectcreate -Xlinker __TEXT -Xlinker __ents_der -Xlinker /Users/tahirah-macmini/Library/Developer/Xcode/DerivedData/ResetNow-ggrhzvsyxraabjetqvsnsuizgdcr/Build/Intermediates.noindex/ResetNow.build/Debug-iphonesimulator/ResetNowWidgetExtension.build/ResetNowWidgetExtension.appex-Simulated.xcent.der -Xlinker -no_adhoc_codesign -o /Users/tahirah-macmini/Library/Developer/Xcode/DerivedData/ResetNow-ggrhzvsyxraabjetqvsnsuizgdcr/Build/Products/Debug-iphonesimulator/ResetNowWidgetExtension.appex/__preview.dylib

MkDir /Users/tahirah-macmini/Library/Developer/Xcode/DerivedData/ResetNow-ggrhzvsyxraabjetqvsnsuizgdcr/Build/Intermediates.noindex/ResetNow.build/Debug-iphonesimulator/ResetNowWidgetExtension.build/assetcatalog_output/unthinned (in target 'ResetNowWidgetExtension' from project 'ResetNow')
    cd /Users/tahirah-macmini/Documents/Projects\ /ResetNow
    /bin/mkdir -p /Users/tahirah-macmini/Library/Developer/Xcode/DerivedData/ResetNow-ggrhzvsyxraabjetqvsnsuizgdcr/Build/Intermediates.noindex/ResetNow.build/Debug-iphonesimulator/ResetNowWidgetExtension.build/assetcatalog_output/unthinned

GenerateAssetSymbols /Users/tahirah-macmini/Documents/Projects\ /ResetNow/ResetNowWidget/Assets.xcassets (in target 'ResetNowWidgetExtension' from project 'ResetNow')
    cd /Users/tahirah-macmini/Documents/Projects\ /ResetNow
    /Applications/Xcode.app/Contents/Developer/usr/bin/actool /Users/tahirah-macmini/Documents/Projects\ /ResetNow/ResetNowWidget/Assets.xcassets --compile /Users/tahirah-macmini/Library/Developer/Xcode/DerivedData/ResetNow-ggrhzvsyxraabjetqvsnsuizgdcr/Build/Products/Debug-iphonesimulator/ResetNowWidgetExtension.appex --output-format human-readable-text --notices --warnings --export-dependency-info /Users/tahirah-macmini/Library/Developer/Xcode/DerivedData/ResetNow-ggrhzvsyxraabjetqvsnsuizgdcr/Build/Intermediates.noindex/ResetNow.build/Debug-iphonesimulator/ResetNowWidgetExtension.build/assetcatalog_dependencies --output-partial-info-plist /Users/tahirah-macmini/Library/Developer/Xcode/DerivedData/ResetNow-ggrhzvsyxraabjetqvsnsuizgdcr/Build/Intermediates.noindex/ResetNow.build/Debug-iphonesimulator/ResetNowWidgetExtension.build/assetcatalog_generated_info.plist --accent-color AccentColor --widget-background-color WidgetBackground --compress-pngs --enable-on-demand-resources NO --standalone-icon-behavior all --development-region en --target-device iphone --target-device ipad --minimum-deployment-target 17.0 --platform iphonesimulator --bundle-identifier com.resetnow.app.ResetNowWidget --generate-swift-asset-symbols /Users/tahirah-macmini/Library/Developer/Xcode/DerivedData/ResetNow-ggrhzvsyxraabjetqvsnsuizgdcr/Build/Intermediates.noindex/ResetNow.build/Debug-iphonesimulator/ResetNowWidgetExtension.build/DerivedSources/GeneratedAssetSymbols.swift --generate-objc-asset-symbols /Users/tahirah-macmini/Library/Developer/Xcode/DerivedData/ResetNow-ggrhzvsyxraabjetqvsnsuizgdcr/Build/Intermediates.noindex/ResetNow.build/Debug-iphonesimulator/ResetNowWidgetExtension.build/DerivedSources/GeneratedAssetSymbols.h --generate-asset-symbol-index /Users/tahirah-macmini/Library/Developer/Xcode/DerivedData/ResetNow-ggrhzvsyxraabjetqvsnsuizgdcr/Build/Intermediates.noindex/ResetNow.build/Debug-iphonesimulator/ResetNowWidgetExtension.build/DerivedSources/GeneratedAssetSymbols-Index.plist
/* com.apple.actool.compilation-results */
/Users/tahirah-macmini/Library/Developer/Xcode/DerivedData/ResetNow-ggrhzvsyxraabjetqvsnsuizgdcr/Build/Intermediates.noindex/ResetNow.build/Debug-iphonesimulator/ResetNowWidgetExtension.build/DerivedSources/GeneratedAssetSymbols-Index.plist
/Users/tahirah-macmini/Library/Developer/Xcode/DerivedData/ResetNow-ggrhzvsyxraabjetqvsnsuizgdcr/Build/Intermediates.noindex/ResetNow.build/Debug-iphonesimulator/ResetNowWidgetExtension.build/DerivedSources/GeneratedAssetSymbols.h
/Users/tahirah-macmini/Library/Developer/Xcode/DerivedData/ResetNow-ggrhzvsyxraabjetqvsnsuizgdcr/Build/Intermediates.noindex/ResetNow.build/Debug-iphonesimulator/ResetNowWidgetExtension.build/DerivedSources/GeneratedAssetSymbols.swift


MkDir /Users/tahirah-macmini/Library/Developer/Xcode/DerivedData/ResetNow-ggrhzvsyxraabjetqvsnsuizgdcr/Build/Intermediates.noindex/ResetNow.build/Debug-iphonesimulator/ResetNowWidgetExtension.build/assetcatalog_output/thinned (in target 'ResetNowWidgetExtension' from project 'ResetNow')
    cd /Users/tahirah-macmini/Documents/Projects\ /ResetNow
    /bin/mkdir -p /Users/tahirah-macmini/Library/Developer/Xcode/DerivedData/ResetNow-ggrhzvsyxraabjetqvsnsuizgdcr/Build/Intermediates.noindex/ResetNow.build/Debug-iphonesimulator/ResetNowWidgetExtension.build/assetcatalog_output/thinned

CompileAssetCatalogVariant thinned /Users/tahirah-macmini/Library/Developer/Xcode/DerivedData/ResetNow-ggrhzvsyxraabjetqvsnsuizgdcr/Build/Products/Debug-iphonesimulator/ResetNowWidgetExtension.appex /Users/tahirah-macmini/Documents/Projects\ /ResetNow/ResetNowWidget/Assets.xcassets (in target 'ResetNowWidgetExtension' from project 'ResetNow')
    cd /Users/tahirah-macmini/Documents/Projects\ /ResetNow
    /Applications/Xcode.app/Contents/Developer/usr/bin/actool /Users/tahirah-macmini/Documents/Projects\ /ResetNow/ResetNowWidget/Assets.xcassets --compile /Users/tahirah-macmini/Library/Developer/Xcode/DerivedData/ResetNow-ggrhzvsyxraabjetqvsnsuizgdcr/Build/Intermediates.noindex/ResetNow.build/Debug-iphonesimulator/ResetNowWidgetExtension.build/assetcatalog_output/thinned --output-format human-readable-text --notices --warnings --export-dependency-info /Users/tahirah-macmini/Library/Developer/Xcode/DerivedData/ResetNow-ggrhzvsyxraabjetqvsnsuizgdcr/Build/Intermediates.noindex/ResetNow.build/Debug-iphonesimulator/ResetNowWidgetExtension.build/assetcatalog_dependencies_thinned --output-partial-info-plist /Users/tahirah-macmini/Library/Developer/Xcode/DerivedData/ResetNow-ggrhzvsyxraabjetqvsnsuizgdcr/Build/Intermediates.noindex/ResetNow.build/Debug-iphonesimulator/ResetNowWidgetExtension.build/assetcatalog_generated_info.plist_thinned --accent-color AccentColor --widget-background-color WidgetBackground --compress-pngs --enable-on-demand-resources NO --standalone-icon-behavior all --filter-for-thinning-device-configuration iPhone18,3 --filter-for-device-os-version 26.1 --development-region en --target-device iphone --target-device ipad --minimum-deployment-target 17.0 --platform iphonesimulator
/* com.apple.actool.compilation-results */
/Users/tahirah-macmini/Library/Developer/Xcode/DerivedData/ResetNow-ggrhzvsyxraabjetqvsnsuizgdcr/Build/Intermediates.noindex/ResetNow.build/Debug-iphonesimulator/ResetNowWidgetExtension.build/assetcatalog_generated_info.plist_thinned


LinkAssetCatalog /Users/tahirah-macmini/Documents/Projects\ /ResetNow/ResetNowWidget/Assets.xcassets (in target 'ResetNowWidgetExtension' from project 'ResetNow')
    cd /Users/tahirah-macmini/Documents/Projects\ /ResetNow
    builtin-linkAssetCatalog --thinned /Users/tahirah-macmini/Library/Developer/Xcode/DerivedData/ResetNow-ggrhzvsyxraabjetqvsnsuizgdcr/Build/Intermediates.noindex/ResetNow.build/Debug-iphonesimulator/ResetNowWidgetExtension.build/assetcatalog_output/thinned --thinned-dependencies /Users/tahirah-macmini/Library/Developer/Xcode/DerivedData/ResetNow-ggrhzvsyxraabjetqvsnsuizgdcr/Build/Intermediates.noindex/ResetNow.build/Debug-iphonesimulator/ResetNowWidgetExtension.build/assetcatalog_dependencies_thinned --thinned-info-plist-content /Users/tahirah-macmini/Library/Developer/Xcode/DerivedData/ResetNow-ggrhzvsyxraabjetqvsnsuizgdcr/Build/Intermediates.noindex/ResetNow.build/Debug-iphonesimulator/ResetNowWidgetExtension.build/assetcatalog_generated_info.plist_thinned --unthinned /Users/tahirah-macmini/Library/Developer/Xcode/DerivedData/ResetNow-ggrhzvsyxraabjetqvsnsuizgdcr/Build/Intermediates.noindex/ResetNow.build/Debug-iphonesimulator/ResetNowWidgetExtension.build/assetcatalog_output/unthinned --unthinned-dependencies /Users/tahirah-macmini/Library/Developer/Xcode/DerivedData/ResetNow-ggrhzvsyxraabjetqvsnsuizgdcr/Build/Intermediates.noindex/ResetNow.build/Debug-iphonesimulator/ResetNowWidgetExtension.build/assetcatalog_dependencies_unthinned --unthinned-info-plist-content /Users/tahirah-macmini/Library/Developer/Xcode/DerivedData/ResetNow-ggrhzvsyxraabjetqvsnsuizgdcr/Build/Intermediates.noindex/ResetNow.build/Debug-iphonesimulator/ResetNowWidgetExtension.build/assetcatalog_generated_info.plist_unthinned --output /Users/tahirah-macmini/Library/Developer/Xcode/DerivedData/ResetNow-ggrhzvsyxraabjetqvsnsuizgdcr/Build/Products/Debug-iphonesimulator/ResetNowWidgetExtension.appex --plist-output /Users/tahirah-macmini/Library/Developer/Xcode/DerivedData/ResetNow-ggrhzvsyxraabjetqvsnsuizgdcr/Build/Intermediates.noindex/ResetNow.build/Debug-iphonesimulator/ResetNowWidgetExtension.build/assetcatalog_generated_info.plist

ProcessInfoPlistFile /Users/tahirah-macmini/Library/Developer/Xcode/DerivedData/ResetNow-ggrhzvsyxraabjetqvsnsuizgdcr/Build/Products/Debug-iphonesimulator/ResetNowWidgetExtension.appex/Info.plist /Users/tahirah-macmini/Documents/Projects\ /ResetNow/ResetNowWidget/Info.plist (in target 'ResetNowWidgetExtension' from project 'ResetNow')
    cd /Users/tahirah-macmini/Documents/Projects\ /ResetNow
    builtin-infoPlistUtility /Users/tahirah-macmini/Documents/Projects\ /ResetNow/ResetNowWidget/Info.plist -producttype com.apple.product-type.app-extension -expandbuildsettings -format binary -platform iphonesimulator -additionalcontentfile /Users/tahirah-macmini/Library/Developer/Xcode/DerivedData/ResetNow-ggrhzvsyxraabjetqvsnsuizgdcr/Build/Intermediates.noindex/ResetNow.build/Debug-iphonesimulator/ResetNowWidgetExtension.build/assetcatalog_generated_info.plist -o /Users/tahirah-macmini/Library/Developer/Xcode/DerivedData/ResetNow-ggrhzvsyxraabjetqvsnsuizgdcr/Build/Products/Debug-iphonesimulator/ResetNowWidgetExtension.appex/Info.plist

SwiftDriver ResetNowWidgetExtension normal arm64 com.apple.xcode.tools.swift.compiler (in target 'ResetNowWidgetExtension' from project 'ResetNow')
    cd /Users/tahirah-macmini/Documents/Projects\ /ResetNow
    builtin-SwiftDriver -- /Applications/Xcode.app/Contents/Developer/Toolchains/XcodeDefault.xctoolchain/usr/bin/swiftc -module-name ResetNowWidgetExtension -Onone -enforce-exclusivity\=checked @/Users/tahirah-macmini/Library/Developer/Xcode/DerivedData/ResetNow-ggrhzvsyxraabjetqvsnsuizgdcr/Build/Intermediates.noindex/ResetNow.build/Debug-iphonesimulator/ResetNowWidgetExtension.build/Objects-normal/arm64/ResetNowWidgetExtension.SwiftFileList -DDEBUG -enable-bare-slash-regex -enable-upcoming-feature DisableOutwardActorInference -enable-upcoming-feature InferSendableFromCaptures -enable-upcoming-feature GlobalActorIsolatedTypesUsability -enable-upcoming-feature MemberImportVisibility -enable-upcoming-feature InferIsolatedConformances -enable-upcoming-feature NonisolatedNonsendingByDefault -enable-experimental-feature DebugDescriptionMacro -sdk /Applications/Xcode.app/Contents/Developer/Platforms/iPhoneSimulator.platform/Developer/SDKs/iPhoneSimulator26.1.sdk -target arm64-apple-ios17.0-simulator -g -module-cache-path /Users/tahirah-macmini/Library/Developer/Xcode/DerivedData/ModuleCache.noindex -Xfrontend -serialize-debugging-options -application-extension -enable-testing -index-store-path /Users/tahirah-macmini/Library/Developer/Xcode/DerivedData/ResetNow-ggrhzvsyxraabjetqvsnsuizgdcr/Index.noindex/DataStore -Xcc -D_LIBCPP_HARDENING_MODE\=_LIBCPP_HARDENING_MODE_DEBUG -swift-version 5 -I /Users/tahirah-macmini/Library/Developer/Xcode/DerivedData/ResetNow-ggrhzvsyxraabjetqvsnsuizgdcr/Build/Products/Debug-iphonesimulator -F /Users/tahirah-macmini/Library/Developer/Xcode/DerivedData/ResetNow-ggrhzvsyxraabjetqvsnsuizgdcr/Build/Products/Debug-iphonesimulator -emit-localized-strings -emit-localized-strings-path /Users/tahirah-macmini/Library/Developer/Xcode/DerivedData/ResetNow-ggrhzvsyxraabjetqvsnsuizgdcr/Build/Intermediates.noindex/ResetNow.build/Debug-iphonesimulator/ResetNowWidgetExtension.build/Objects-normal/arm64 -c -j10 -enable-batch-mode -incremental -Xcc -ivfsstatcache -Xcc /Users/tahirah-macmini/Library/Developer/Xcode/DerivedData/SDKStatCaches.noindex/iphonesimulator26.1-23B77-90cf18a4295e390e64c810bc6bd7acbc.sdkstatcache -output-file-map /Users/tahirah-macmini/Library/Developer/Xcode/DerivedData/ResetNow-ggrhzvsyxraabjetqvsnsuizgdcr/Build/Intermediates.noindex/ResetNow.build/Debug-iphonesimulator/ResetNowWidgetExtension.build/Objects-normal/arm64/ResetNowWidgetExtension-OutputFileMap.json -use-frontend-parseable-output -save-temps -no-color-diagnostics -explicit-module-build -module-cache-path /Users/tahirah-macmini/Library/Developer/Xcode/DerivedData/ResetNow-ggrhzvsyxraabjetqvsnsuizgdcr/Build/Intermediates.noindex/SwiftExplicitPrecompiledModules -clang-scanner-module-cache-path /Users/tahirah-macmini/Library/Developer/Xcode/DerivedData/ModuleCache.noindex -sdk-module-cache-path /Users/tahirah-macmini/Library/Developer/Xcode/DerivedData/ModuleCache.noindex -serialize-diagnostics -emit-dependencies -emit-module -emit-module-path /Users/tahirah-macmini/Library/Developer/Xcode/DerivedData/ResetNow-ggrhzvsyxraabjetqvsnsuizgdcr/Build/Intermediates.noindex/ResetNow.build/Debug-iphonesimulator/ResetNowWidgetExtension.build/Objects-normal/arm64/ResetNowWidgetExtension.swiftmodule -validate-clang-modules-once -clang-build-session-file /Users/tahirah-macmini/Library/Developer/Xcode/DerivedData/ModuleCache.noindex/Session.modulevalidation -Xcc -I/Users/tahirah-macmini/Library/Developer/Xcode/DerivedData/ResetNow-ggrhzvsyxraabjetqvsnsuizgdcr/Build/Intermediates.noindex/ResetNow.build/Debug-iphonesimulator/ResetNowWidgetExtension.build/swift-overrides.hmap -emit-const-values -Xfrontend -const-gather-protocols-file -Xfrontend /Users/tahirah-macmini/Library/Developer/Xcode/DerivedData/ResetNow-ggrhzvsyxraabjetqvsnsuizgdcr/Build/Intermediates.noindex/ResetNow.build/Debug-iphonesimulator/ResetNowWidgetExtension.build/Objects-normal/arm64/ResetNowWidgetExtension_const_extract_protocols.json -Xcc -iquote -Xcc /Users/tahirah-macmini/Library/Developer/Xcode/DerivedData/ResetNow-ggrhzvsyxraabjetqvsnsuizgdcr/Build/Intermediates.noindex/ResetNow.build/Debug-iphonesimulator/ResetNowWidgetExtension.build/ResetNowWidgetExtension-generated-files.hmap -Xcc -I/Users/tahirah-macmini/Library/Developer/Xcode/DerivedData/ResetNow-ggrhzvsyxraabjetqvsnsuizgdcr/Build/Intermediates.noindex/ResetNow.build/Debug-iphonesimulator/ResetNowWidgetExtension.build/ResetNowWidgetExtension-own-target-headers.hmap -Xcc -I/Users/tahirah-macmini/Library/Developer/Xcode/DerivedData/ResetNow-ggrhzvsyxraabjetqvsnsuizgdcr/Build/Intermediates.noindex/ResetNow.build/Debug-iphonesimulator/ResetNowWidgetExtension.build/ResetNowWidgetExtension-all-target-headers.hmap -Xcc -iquote -Xcc /Users/tahirah-macmini/Library/Developer/Xcode/DerivedData/ResetNow-ggrhzvsyxraabjetqvsnsuizgdcr/Build/Intermediates.noindex/ResetNow.build/Debug-iphonesimulator/ResetNowWidgetExtension.build/ResetNowWidgetExtension-project-headers.hmap -Xcc -I/Users/tahirah-macmini/Library/Developer/Xcode/DerivedData/ResetNow-ggrhzvsyxraabjetqvsnsuizgdcr/Build/Products/Debug-iphonesimulator/include -Xcc -I/Users/tahirah-macmini/Library/Developer/Xcode/DerivedData/ResetNow-ggrhzvsyxraabjetqvsnsuizgdcr/Build/Intermediates.noindex/ResetNow.build/Debug-iphonesimulator/ResetNowWidgetExtension.build/DerivedSources-normal/arm64 -Xcc -I/Users/tahirah-macmini/Library/Developer/Xcode/DerivedData/ResetNow-ggrhzvsyxraabjetqvsnsuizgdcr/Build/Intermediates.noindex/ResetNow.build/Debug-iphonesimulator/ResetNowWidgetExtension.build/DerivedSources/arm64 -Xcc -I/Users/tahirah-macmini/Library/Developer/Xcode/DerivedData/ResetNow-ggrhzvsyxraabjetqvsnsuizgdcr/Build/Intermediates.noindex/ResetNow.build/Debug-iphonesimulator/ResetNowWidgetExtension.build/DerivedSources -Xcc -DDEBUG\=1 -emit-objc-header -emit-objc-header-path /Users/tahirah-macmini/Library/Developer/Xcode/DerivedData/ResetNow-ggrhzvsyxraabjetqvsnsuizgdcr/Build/Intermediates.noindex/ResetNow.build/Debug-iphonesimulator/ResetNowWidgetExtension.build/Objects-normal/arm64/ResetNowWidgetExtension-Swift.h -working-directory /Users/tahirah-macmini/Documents/Projects\ /ResetNow -experimental-emit-module-separately -disable-cmo

SwiftCompile normal arm64 Compiling\ AppIntent.swift /Users/tahirah-macmini/Documents/Projects\ /ResetNow/ResetNowWidget/AppIntent.swift (in target 'ResetNowWidgetExtension' from project 'ResetNow')

SwiftCompile normal arm64 /Users/tahirah-macmini/Documents/Projects\ /ResetNow/ResetNowWidget/AppIntent.swift (in target 'ResetNowWidgetExtension' from project 'ResetNow')
    cd /Users/tahirah-macmini/Documents/Projects\ /ResetNow
    

SwiftCompile normal arm64 Compiling\ ResetNowWidgetBundle.swift /Users/tahirah-macmini/Documents/Projects\ /ResetNow/ResetNowWidget/ResetNowWidgetBundle.swift (in target 'ResetNowWidgetExtension' from project 'ResetNow')

SwiftCompile normal arm64 /Users/tahirah-macmini/Documents/Projects\ /ResetNow/ResetNowWidget/ResetNowWidgetBundle.swift (in target 'ResetNowWidgetExtension' from project 'ResetNow')
    cd /Users/tahirah-macmini/Documents/Projects\ /ResetNow
    

SwiftCompile normal arm64 Compiling\ GeneratedAssetSymbols.swift /Users/tahirah-macmini/Library/Developer/Xcode/DerivedData/ResetNow-ggrhzvsyxraabjetqvsnsuizgdcr/Build/Intermediates.noindex/ResetNow.build/Debug-iphonesimulator/ResetNowWidgetExtension.build/DerivedSources/GeneratedAssetSymbols.swift (in target 'ResetNowWidgetExtension' from project 'ResetNow')

SwiftCompile normal arm64 /Users/tahirah-macmini/Library/Developer/Xcode/DerivedData/ResetNow-ggrhzvsyxraabjetqvsnsuizgdcr/Build/Intermediates.noindex/ResetNow.build/Debug-iphonesimulator/ResetNowWidgetExtension.build/DerivedSources/GeneratedAssetSymbols.swift (in target 'ResetNowWidgetExtension' from project 'ResetNow')
    cd /Users/tahirah-macmini/Documents/Projects\ /ResetNow
    

SwiftEmitModule normal arm64 Emitting\ module\ for\ ResetNowWidgetExtension (in target 'ResetNowWidgetExtension' from project 'ResetNow')
EmitSwiftModule normal arm64 (in target 'ResetNowWidgetExtension' from project 'ResetNow')
    cd /Users/tahirah-macmini/Documents/Projects\ /ResetNow
    

SwiftCompile normal arm64 Compiling\ ResetNowWidgetControl.swift /Users/tahirah-macmini/Documents/Projects\ /ResetNow/ResetNowWidget/ResetNowWidgetControl.swift (in target 'ResetNowWidgetExtension' from project 'ResetNow')

SwiftCompile normal arm64 /Users/tahirah-macmini/Documents/Projects\ /ResetNow/ResetNowWidget/ResetNowWidgetControl.swift (in target 'ResetNowWidgetExtension' from project 'ResetNow')
    cd /Users/tahirah-macmini/Documents/Projects\ /ResetNow
    

SwiftCompile normal arm64 Compiling\ ResetNowWidget.swift /Users/tahirah-macmini/Documents/Projects\ /ResetNow/ResetNowWidget/ResetNowWidget.swift (in target 'ResetNowWidgetExtension' from project 'ResetNow')
SwiftCompile normal arm64 /Users/tahirah-macmini/Documents/Projects\ /ResetNow/ResetNowWidget/ResetNowWidget.swift (in target 'ResetNowWidgetExtension' from project 'ResetNow')
    cd /Users/tahirah-macmini/Documents/Projects\ /ResetNow
    
/Users/tahirah-macmini/Documents/Projects /ResetNow/ResetNow/Models/ResetTool.swift:1977:10: error: expected ']' in container literal expression
        )
         ^
/Users/tahirah-macmini/Documents/Projects /ResetNow/ResetNow/Models/ResetTool.swift:1302:43: note: to match this opening '['
    static let samples: [Visualization] = [
                                          ^
/Users/tahirah-macmini/Documents/Projects /ResetNow/ResetNow/Models/ResetTool.swift:1978:1: error: expected '}' in struct

^
/Users/tahirah-macmini/Documents/Projects /ResetNow/ResetNow/Models/ResetTool.swift:1280:45: note: to match this opening '{'
struct Visualization: Identifiable, Codable {
                                            ^

SwiftDriverJobDiscovery normal arm64 Compiling ResetNowWidgetBundle.swift (in target 'ResetNowWidgetExtension' from project 'ResetNow')

SwiftDriverJobDiscovery normal arm64 Compiling GeneratedAssetSymbols.swift (in target 'ResetNowWidgetExtension' from project 'ResetNow')

SwiftDriverJobDiscovery normal arm64 Compiling AppIntent.swift (in target 'ResetNowWidgetExtension' from project 'ResetNow')

SwiftDriverJobDiscovery normal arm64 Compiling ResetNowWidgetControl.swift (in target 'ResetNowWidgetExtension' from project 'ResetNow')

SwiftDriverJobDiscovery normal arm64 Emitting module for ResetNowWidgetExtension (in target 'ResetNowWidgetExtension' from project 'ResetNow')

SwiftDriver\ Compilation\ Requirements ResetNowWidgetExtension normal arm64 com.apple.xcode.tools.swift.compiler (in target 'ResetNowWidgetExtension' from project 'ResetNow')
    cd /Users/tahirah-macmini/Documents/Projects\ /ResetNow
    builtin-Swift-Compilation-Requirements -- /Applications/Xcode.app/Contents/Developer/Toolchains/XcodeDefault.xctoolchain/usr/bin/swiftc -module-name ResetNowWidgetExtension -Onone -enforce-exclusivity\=checked @/Users/tahirah-macmini/Library/Developer/Xcode/DerivedData/ResetNow-ggrhzvsyxraabjetqvsnsuizgdcr/Build/Intermediates.noindex/ResetNow.build/Debug-iphonesimulator/ResetNowWidgetExtension.build/Objects-normal/arm64/ResetNowWidgetExtension.SwiftFileList -DDEBUG -enable-bare-slash-regex -enable-upcoming-feature DisableOutwardActorInference -enable-upcoming-feature InferSendableFromCaptures -enable-upcoming-feature GlobalActorIsolatedTypesUsability -enable-upcoming-feature MemberImportVisibility -enable-upcoming-feature InferIsolatedConformances -enable-upcoming-feature NonisolatedNonsendingByDefault -enable-experimental-feature DebugDescriptionMacro -sdk /Applications/Xcode.app/Contents/Developer/Platforms/iPhoneSimulator.platform/Developer/SDKs/iPhoneSimulator26.1.sdk -target arm64-apple-ios17.0-simulator -g -module-cache-path /Users/tahirah-macmini/Library/Developer/Xcode/DerivedData/ModuleCache.noindex -Xfrontend -serialize-debugging-options -application-extension -enable-testing -index-store-path /Users/tahirah-macmini/Library/Developer/Xcode/DerivedData/ResetNow-ggrhzvsyxraabjetqvsnsuizgdcr/Index.noindex/DataStore -Xcc -D_LIBCPP_HARDENING_MODE\=_LIBCPP_HARDENING_MODE_DEBUG -swift-version 5 -I /Users/tahirah-macmini/Library/Developer/Xcode/DerivedData/ResetNow-ggrhzvsyxraabjetqvsnsuizgdcr/Build/Products/Debug-iphonesimulator -F /Users/tahirah-macmini/Library/Developer/Xcode/DerivedData/ResetNow-ggrhzvsyxraabjetqvsnsuizgdcr/Build/Products/Debug-iphonesimulator -emit-localized-strings -emit-localized-strings-path /Users/tahirah-macmini/Library/Developer/Xcode/DerivedData/ResetNow-ggrhzvsyxraabjetqvsnsuizgdcr/Build/Intermediates.noindex/ResetNow.build/Debug-iphonesimulator/ResetNowWidgetExtension.build/Objects-normal/arm64 -c -j10 -enable-batch-mode -incremental -Xcc -ivfsstatcache -Xcc /Users/tahirah-macmini/Library/Developer/Xcode/DerivedData/SDKStatCaches.noindex/iphonesimulator26.1-23B77-90cf18a4295e390e64c810bc6bd7acbc.sdkstatcache -output-file-map /Users/tahirah-macmini/Library/Developer/Xcode/DerivedData/ResetNow-ggrhzvsyxraabjetqvsnsuizgdcr/Build/Intermediates.noindex/ResetNow.build/Debug-iphonesimulator/ResetNowWidgetExtension.build/Objects-normal/arm64/ResetNowWidgetExtension-OutputFileMap.json -use-frontend-parseable-output -save-temps -no-color-diagnostics -explicit-module-build -module-cache-path /Users/tahirah-macmini/Library/Developer/Xcode/DerivedData/ResetNow-ggrhzvsyxraabjetqvsnsuizgdcr/Build/Intermediates.noindex/SwiftExplicitPrecompiledModules -clang-scanner-module-cache-path /Users/tahirah-macmini/Library/Developer/Xcode/DerivedData/ModuleCache.noindex -sdk-module-cache-path /Users/tahirah-macmini/Library/Developer/Xcode/DerivedData/ModuleCache.noindex -serialize-diagnostics -emit-dependencies -emit-module -emit-module-path /Users/tahirah-macmini/Library/Developer/Xcode/DerivedData/ResetNow-ggrhzvsyxraabjetqvsnsuizgdcr/Build/Intermediates.noindex/ResetNow.build/Debug-iphonesimulator/ResetNowWidgetExtension.build/Objects-normal/arm64/ResetNowWidgetExtension.swiftmodule -validate-clang-modules-once -clang-build-session-file /Users/tahirah-macmini/Library/Developer/Xcode/DerivedData/ModuleCache.noindex/Session.modulevalidation -Xcc -I/Users/tahirah-macmini/Library/Developer/Xcode/DerivedData/ResetNow-ggrhzvsyxraabjetqvsnsuizgdcr/Build/Intermediates.noindex/ResetNow.build/Debug-iphonesimulator/ResetNowWidgetExtension.build/swift-overrides.hmap -emit-const-values -Xfrontend -const-gather-protocols-file -Xfrontend /Users/tahirah-macmini/Library/Developer/Xcode/DerivedData/ResetNow-ggrhzvsyxraabjetqvsnsuizgdcr/Build/Intermediates.noindex/ResetNow.build/Debug-iphonesimulator/ResetNowWidgetExtension.build/Objects-normal/arm64/ResetNowWidgetExtension_const_extract_protocols.json -Xcc -iquote -Xcc /Users/tahirah-macmini/Library/Developer/Xcode/DerivedData/ResetNow-ggrhzvsyxraabjetqvsnsuizgdcr/Build/Intermediates.noindex/ResetNow.build/Debug-iphonesimulator/ResetNowWidgetExtension.build/ResetNowWidgetExtension-generated-files.hmap -Xcc -I/Users/tahirah-macmini/Library/Developer/Xcode/DerivedData/ResetNow-ggrhzvsyxraabjetqvsnsuizgdcr/Build/Intermediates.noindex/ResetNow.build/Debug-iphonesimulator/ResetNowWidgetExtension.build/ResetNowWidgetExtension-own-target-headers.hmap -Xcc -I/Users/tahirah-macmini/Library/Developer/Xcode/DerivedData/ResetNow-ggrhzvsyxraabjetqvsnsuizgdcr/Build/Intermediates.noindex/ResetNow.build/Debug-iphonesimulator/ResetNowWidgetExtension.build/ResetNowWidgetExtension-all-target-headers.hmap -Xcc -iquote -Xcc /Users/tahirah-macmini/Library/Developer/Xcode/DerivedData/ResetNow-ggrhzvsyxraabjetqvsnsuizgdcr/Build/Intermediates.noindex/ResetNow.build/Debug-iphonesimulator/ResetNowWidgetExtension.build/ResetNowWidgetExtension-project-headers.hmap -Xcc -I/Users/tahirah-macmini/Library/Developer/Xcode/DerivedData/ResetNow-ggrhzvsyxraabjetqvsnsuizgdcr/Build/Products/Debug-iphonesimulator/include -Xcc -I/Users/tahirah-macmini/Library/Developer/Xcode/DerivedData/ResetNow-ggrhzvsyxraabjetqvsnsuizgdcr/Build/Intermediates.noindex/ResetNow.build/Debug-iphonesimulator/ResetNowWidgetExtension.build/DerivedSources-normal/arm64 -Xcc -I/Users/tahirah-macmini/Library/Developer/Xcode/DerivedData/ResetNow-ggrhzvsyxraabjetqvsnsuizgdcr/Build/Intermediates.noindex/ResetNow.build/Debug-iphonesimulator/ResetNowWidgetExtension.build/DerivedSources/arm64 -Xcc -I/Users/tahirah-macmini/Library/Developer/Xcode/DerivedData/ResetNow-ggrhzvsyxraabjetqvsnsuizgdcr/Build/Intermediates.noindex/ResetNow.build/Debug-iphonesimulator/ResetNowWidgetExtension.build/DerivedSources -Xcc -DDEBUG\=1 -emit-objc-header -emit-objc-header-path /Users/tahirah-macmini/Library/Developer/Xcode/DerivedData/ResetNow-ggrhzvsyxraabjetqvsnsuizgdcr/Build/Intermediates.noindex/ResetNow.build/Debug-iphonesimulator/ResetNowWidgetExtension.build/Objects-normal/arm64/ResetNowWidgetExtension-Swift.h -working-directory /Users/tahirah-macmini/Documents/Projects\ /ResetNow -experimental-emit-module-separately -disable-cmo

SwiftMergeGeneratedHeaders /Users/tahirah-macmini/Library/Developer/Xcode/DerivedData/ResetNow-ggrhzvsyxraabjetqvsnsuizgdcr/Build/Intermediates.noindex/ResetNow.build/Debug-iphonesimulator/ResetNowWidgetExtension.build/DerivedSources/ResetNowWidgetExtension-Swift.h /Users/tahirah-macmini/Library/Developer/Xcode/DerivedData/ResetNow-ggrhzvsyxraabjetqvsnsuizgdcr/Build/Intermediates.noindex/ResetNow.build/Debug-iphonesimulator/ResetNowWidgetExtension.build/Objects-normal/arm64/ResetNowWidgetExtension-Swift.h (in target 'ResetNowWidgetExtension' from project 'ResetNow')
    cd /Users/tahirah-macmini/Documents/Projects\ /ResetNow
    builtin-swiftHeaderTool -arch arm64 /Users/tahirah-macmini/Library/Developer/Xcode/DerivedData/ResetNow-ggrhzvsyxraabjetqvsnsuizgdcr/Build/Intermediates.noindex/ResetNow.build/Debug-iphonesimulator/ResetNowWidgetExtension.build/Objects-normal/arm64/ResetNowWidgetExtension-Swift.h -o /Users/tahirah-macmini/Library/Developer/Xcode/DerivedData/ResetNow-ggrhzvsyxraabjetqvsnsuizgdcr/Build/Intermediates.noindex/ResetNow.build/Debug-iphonesimulator/ResetNowWidgetExtension.build/DerivedSources/ResetNowWidgetExtension-Swift.h

Copy /Users/tahirah-macmini/Library/Developer/Xcode/DerivedData/ResetNow-ggrhzvsyxraabjetqvsnsuizgdcr/Build/Products/Debug-iphonesimulator/ResetNowWidgetExtension.swiftmodule/arm64-apple-ios-simulator.swiftmodule /Users/tahirah-macmini/Library/Developer/Xcode/DerivedData/ResetNow-ggrhzvsyxraabjetqvsnsuizgdcr/Build/Intermediates.noindex/ResetNow.build/Debug-iphonesimulator/ResetNowWidgetExtension.build/Objects-normal/arm64/ResetNowWidgetExtension.swiftmodule (in target 'ResetNowWidgetExtension' from project 'ResetNow')
    cd /Users/tahirah-macmini/Documents/Projects\ /ResetNow
    builtin-copy -exclude .DS_Store -exclude CVS -exclude .svn -exclude .git -exclude .hg -resolve-src-symlinks -rename /Users/tahirah-macmini/Library/Developer/Xcode/DerivedData/ResetNow-ggrhzvsyxraabjetqvsnsuizgdcr/Build/Intermediates.noindex/ResetNow.build/Debug-iphonesimulator/ResetNowWidgetExtension.build/Objects-normal/arm64/ResetNowWidgetExtension.swiftmodule /Users/tahirah-macmini/Library/Developer/Xcode/DerivedData/ResetNow-ggrhzvsyxraabjetqvsnsuizgdcr/Build/Products/Debug-iphonesimulator/ResetNowWidgetExtension.swiftmodule/arm64-apple-ios-simulator.swiftmodule

Copy /Users/tahirah-macmini/Library/Developer/Xcode/DerivedData/ResetNow-ggrhzvsyxraabjetqvsnsuizgdcr/Build/Products/Debug-iphonesimulator/ResetNowWidgetExtension.swiftmodule/arm64-apple-ios-simulator.abi.json /Users/tahirah-macmini/Library/Developer/Xcode/DerivedData/ResetNow-ggrhzvsyxraabjetqvsnsuizgdcr/Build/Intermediates.noindex/ResetNow.build/Debug-iphonesimulator/ResetNowWidgetExtension.build/Objects-normal/arm64/ResetNowWidgetExtension.abi.json (in target 'ResetNowWidgetExtension' from project 'ResetNow')
    cd /Users/tahirah-macmini/Documents/Projects\ /ResetNow
    builtin-copy -exclude .DS_Store -exclude CVS -exclude .svn -exclude .git -exclude .hg -resolve-src-symlinks -rename /Users/tahirah-macmini/Library/Developer/Xcode/DerivedData/ResetNow-ggrhzvsyxraabjetqvsnsuizgdcr/Build/Intermediates.noindex/ResetNow.build/Debug-iphonesimulator/ResetNowWidgetExtension.build/Objects-normal/arm64/ResetNowWidgetExtension.abi.json /Users/tahirah-macmini/Library/Developer/Xcode/DerivedData/ResetNow-ggrhzvsyxraabjetqvsnsuizgdcr/Build/Products/Debug-iphonesimulator/ResetNowWidgetExtension.swiftmodule/arm64-apple-ios-simulator.abi.json

Copy /Users/tahirah-macmini/Library/Developer/Xcode/DerivedData/ResetNow-ggrhzvsyxraabjetqvsnsuizgdcr/Build/Products/Debug-iphonesimulator/ResetNowWidgetExtension.swiftmodule/arm64-apple-ios-simulator.swiftdoc /Users/tahirah-macmini/Library/Developer/Xcode/DerivedData/ResetNow-ggrhzvsyxraabjetqvsnsuizgdcr/Build/Intermediates.noindex/ResetNow.build/Debug-iphonesimulator/ResetNowWidgetExtension.build/Objects-normal/arm64/ResetNowWidgetExtension.swiftdoc (in target 'ResetNowWidgetExtension' from project 'ResetNow')
    cd /Users/tahirah-macmini/Documents/Projects\ /ResetNow
    builtin-copy -exclude .DS_Store -exclude CVS -exclude .svn -exclude .git -exclude .hg -resolve-src-symlinks -rename /Users/tahirah-macmini/Library/Developer/Xcode/DerivedData/ResetNow-ggrhzvsyxraabjetqvsnsuizgdcr/Build/Intermediates.noindex/ResetNow.build/Debug-iphonesimulator/ResetNowWidgetExtension.build/Objects-normal/arm64/ResetNowWidgetExtension.swiftdoc /Users/tahirah-macmini/Library/Developer/Xcode/DerivedData/ResetNow-ggrhzvsyxraabjetqvsnsuizgdcr/Build/Products/Debug-iphonesimulator/ResetNowWidgetExtension.swiftmodule/arm64-apple-ios-simulator.swiftdoc

Copy /Users/tahirah-macmini/Library/Developer/Xcode/DerivedData/ResetNow-ggrhzvsyxraabjetqvsnsuizgdcr/Build/Products/Debug-iphonesimulator/ResetNowWidgetExtension.swiftmodule/Project/arm64-apple-ios-simulator.swiftsourceinfo /Users/tahirah-macmini/Library/Developer/Xcode/DerivedData/ResetNow-ggrhzvsyxraabjetqvsnsuizgdcr/Build/Intermediates.noindex/ResetNow.build/Debug-iphonesimulator/ResetNowWidgetExtension.build/Objects-normal/arm64/ResetNowWidgetExtension.swiftsourceinfo (in target 'ResetNowWidgetExtension' from project 'ResetNow')
    cd /Users/tahirah-macmini/Documents/Projects\ /ResetNow
    builtin-copy -exclude .DS_Store -exclude CVS -exclude .svn -exclude .git -exclude .hg -resolve-src-symlinks -rename /Users/tahirah-macmini/Library/Developer/Xcode/DerivedData/ResetNow-ggrhzvsyxraabjetqvsnsuizgdcr/Build/Intermediates.noindex/ResetNow.build/Debug-iphonesimulator/ResetNowWidgetExtension.build/Objects-normal/arm64/ResetNowWidgetExtension.swiftsourceinfo /Users/tahirah-macmini/Library/Developer/Xcode/DerivedData/ResetNow-ggrhzvsyxraabjetqvsnsuizgdcr/Build/Products/Debug-iphonesimulator/ResetNowWidgetExtension.swiftmodule/Project/arm64-apple-ios-simulator.swiftsourceinfo

ProcessProductPackaging "" /Users/tahirah-macmini/Library/Developer/Xcode/DerivedData/ResetNow-ggrhzvsyxraabjetqvsnsuizgdcr/Build/Intermediates.noindex/ResetNow.build/Debug-iphonesimulator/ResetNow.build/ResetNow.app-Simulated.xcent (in target 'ResetNow' from project 'ResetNow')
    cd /Users/tahirah-macmini/Documents/Projects\ /ResetNow
    
    Entitlements:
    
    {
    "application-identifier" = "F7KFVQ7TUQ.com.resetnow.app";
}
    
    builtin-productPackagingUtility -entitlements -format xml -o /Users/tahirah-macmini/Library/Developer/Xcode/DerivedData/ResetNow-ggrhzvsyxraabjetqvsnsuizgdcr/Build/Intermediates.noindex/ResetNow.build/Debug-iphonesimulator/ResetNow.build/ResetNow.app-Simulated.xcent

ProcessProductPackagingDER /Users/tahirah-macmini/Library/Developer/Xcode/DerivedData/ResetNow-ggrhzvsyxraabjetqvsnsuizgdcr/Build/Intermediates.noindex/ResetNow.build/Debug-iphonesimulator/ResetNow.build/ResetNow.app-Simulated.xcent /Users/tahirah-macmini/Library/Developer/Xcode/DerivedData/ResetNow-ggrhzvsyxraabjetqvsnsuizgdcr/Build/Intermediates.noindex/ResetNow.build/Debug-iphonesimulator/ResetNow.build/ResetNow.app-Simulated.xcent.der (in target 'ResetNow' from project 'ResetNow')
    cd /Users/tahirah-macmini/Documents/Projects\ /ResetNow
    /usr/bin/derq query -f xml -i /Users/tahirah-macmini/Library/Developer/Xcode/DerivedData/ResetNow-ggrhzvsyxraabjetqvsnsuizgdcr/Build/Intermediates.noindex/ResetNow.build/Debug-iphonesimulator/ResetNow.build/ResetNow.app-Simulated.xcent -o /Users/tahirah-macmini/Library/Developer/Xcode/DerivedData/ResetNow-ggrhzvsyxraabjetqvsnsuizgdcr/Build/Intermediates.noindex/ResetNow.build/Debug-iphonesimulator/ResetNow.build/ResetNow.app-Simulated.xcent.der --raw

GenerateAssetSymbols /Users/tahirah-macmini/Documents/Projects\ /ResetNow/ResetNow/Assets.xcassets (in target 'ResetNow' from project 'ResetNow')
    cd /Users/tahirah-macmini/Documents/Projects\ /ResetNow
    /Applications/Xcode.app/Contents/Developer/usr/bin/actool /Users/tahirah-macmini/Documents/Projects\ /ResetNow/ResetNow/Assets.xcassets --compile /Users/tahirah-macmini/Library/Developer/Xcode/DerivedData/ResetNow-ggrhzvsyxraabjetqvsnsuizgdcr/Build/Products/Debug-iphonesimulator/ResetNow.app --output-format human-readable-text --notices --warnings --export-dependency-info /Users/tahirah-macmini/Library/Developer/Xcode/DerivedData/ResetNow-ggrhzvsyxraabjetqvsnsuizgdcr/Build/Intermediates.noindex/ResetNow.build/Debug-iphonesimulator/ResetNow.build/assetcatalog_dependencies --output-partial-info-plist /Users/tahirah-macmini/Library/Developer/Xcode/DerivedData/ResetNow-ggrhzvsyxraabjetqvsnsuizgdcr/Build/Intermediates.noindex/ResetNow.build/Debug-iphonesimulator/ResetNow.build/assetcatalog_generated_info.plist --app-icon AppIcon --accent-color AccentColor --compress-pngs --enable-on-demand-resources YES --development-region en --target-device iphone --target-device ipad --minimum-deployment-target 17.0 --platform iphonesimulator --bundle-identifier com.resetnow.app --generate-swift-asset-symbols /Users/tahirah-macmini/Library/Developer/Xcode/DerivedData/ResetNow-ggrhzvsyxraabjetqvsnsuizgdcr/Build/Intermediates.noindex/ResetNow.build/Debug-iphonesimulator/ResetNow.build/DerivedSources/GeneratedAssetSymbols.swift --generate-objc-asset-symbols /Users/tahirah-macmini/Library/Developer/Xcode/DerivedData/ResetNow-ggrhzvsyxraabjetqvsnsuizgdcr/Build/Intermediates.noindex/ResetNow.build/Debug-iphonesimulator/ResetNow.build/DerivedSources/GeneratedAssetSymbols.h --generate-asset-symbol-index /Users/tahirah-macmini/Library/Developer/Xcode/DerivedData/ResetNow-ggrhzvsyxraabjetqvsnsuizgdcr/Build/Intermediates.noindex/ResetNow.build/Debug-iphonesimulator/ResetNow.build/DerivedSources/GeneratedAssetSymbols-Index.plist
/* com.apple.actool.compilation-results */
/Users/tahirah-macmini/Library/Developer/Xcode/DerivedData/ResetNow-ggrhzvsyxraabjetqvsnsuizgdcr/Build/Intermediates.noindex/ResetNow.build/Debug-iphonesimulator/ResetNow.build/DerivedSources/GeneratedAssetSymbols-Index.plist
/Users/tahirah-macmini/Library/Developer/Xcode/DerivedData/ResetNow-ggrhzvsyxraabjetqvsnsuizgdcr/Build/Intermediates.noindex/ResetNow.build/Debug-iphonesimulator/ResetNow.build/DerivedSources/GeneratedAssetSymbols.h
/Users/tahirah-macmini/Library/Developer/Xcode/DerivedData/ResetNow-ggrhzvsyxraabjetqvsnsuizgdcr/Build/Intermediates.noindex/ResetNow.build/Debug-iphonesimulator/ResetNow.build/DerivedSources/GeneratedAssetSymbols.swift


DataModelCompile /Users/tahirah-macmini/Library/Developer/Xcode/DerivedData/ResetNow-ggrhzvsyxraabjetqvsnsuizgdcr/Build/Products/Debug-iphonesimulator/ResetNow.app/ /Users/tahirah-macmini/Documents/Projects\ /ResetNow/ResetNow/Persistence/ResetNow.xcdatamodeld (in target 'ResetNow' from project 'ResetNow')
    cd /Users/tahirah-macmini/Documents/Projects\ /ResetNow
    /Applications/Xcode.app/Contents/Developer/usr/bin/momc --sdkroot /Applications/Xcode.app/Contents/Developer/Platforms/iPhoneSimulator.platform/Developer/SDKs/iPhoneSimulator26.1.sdk --iphonesimulator-deployment-target 17.0 --module ResetNow /Users/tahirah-macmini/Documents/Projects\ /ResetNow/ResetNow/Persistence/ResetNow.xcdatamodeld /Users/tahirah-macmini/Library/Developer/Xcode/DerivedData/ResetNow-ggrhzvsyxraabjetqvsnsuizgdcr/Build/Products/Debug-iphonesimulator/ResetNow.app/

MkDir /Users/tahirah-macmini/Library/Developer/Xcode/DerivedData/ResetNow-ggrhzvsyxraabjetqvsnsuizgdcr/Build/Intermediates.noindex/ResetNow.build/Debug-iphonesimulator/ResetNow.build/assetcatalog_output/unthinned (in target 'ResetNow' from project 'ResetNow')
    cd /Users/tahirah-macmini/Documents/Projects\ /ResetNow
    /bin/mkdir -p /Users/tahirah-macmini/Library/Developer/Xcode/DerivedData/ResetNow-ggrhzvsyxraabjetqvsnsuizgdcr/Build/Intermediates.noindex/ResetNow.build/Debug-iphonesimulator/ResetNow.build/assetcatalog_output/unthinned

MkDir /Users/tahirah-macmini/Library/Developer/Xcode/DerivedData/ResetNow-ggrhzvsyxraabjetqvsnsuizgdcr/Build/Intermediates.noindex/ResetNow.build/Debug-iphonesimulator/ResetNow.build/assetcatalog_output/thinned (in target 'ResetNow' from project 'ResetNow')
    cd /Users/tahirah-macmini/Documents/Projects\ /ResetNow
    /bin/mkdir -p /Users/tahirah-macmini/Library/Developer/Xcode/DerivedData/ResetNow-ggrhzvsyxraabjetqvsnsuizgdcr/Build/Intermediates.noindex/ResetNow.build/Debug-iphonesimulator/ResetNow.build/assetcatalog_output/thinned

CompileAssetCatalogVariant thinned /Users/tahirah-macmini/Library/Developer/Xcode/DerivedData/ResetNow-ggrhzvsyxraabjetqvsnsuizgdcr/Build/Products/Debug-iphonesimulator/ResetNow.app /Users/tahirah-macmini/Documents/Projects\ /ResetNow/ResetNow/Assets.xcassets (in target 'ResetNow' from project 'ResetNow')
    cd /Users/tahirah-macmini/Documents/Projects\ /ResetNow
    /Applications/Xcode.app/Contents/Developer/usr/bin/actool /Users/tahirah-macmini/Documents/Projects\ /ResetNow/ResetNow/Assets.xcassets --compile /Users/tahirah-macmini/Library/Developer/Xcode/DerivedData/ResetNow-ggrhzvsyxraabjetqvsnsuizgdcr/Build/Intermediates.noindex/ResetNow.build/Debug-iphonesimulator/ResetNow.build/assetcatalog_output/thinned --output-format human-readable-text --notices --warnings --export-dependency-info /Users/tahirah-macmini/Library/Developer/Xcode/DerivedData/ResetNow-ggrhzvsyxraabjetqvsnsuizgdcr/Build/Intermediates.noindex/ResetNow.build/Debug-iphonesimulator/ResetNow.build/assetcatalog_dependencies_thinned --output-partial-info-plist /Users/tahirah-macmini/Library/Developer/Xcode/DerivedData/ResetNow-ggrhzvsyxraabjetqvsnsuizgdcr/Build/Intermediates.noindex/ResetNow.build/Debug-iphonesimulator/ResetNow.build/assetcatalog_generated_info.plist_thinned --app-icon AppIcon --accent-color AccentColor --compress-pngs --enable-on-demand-resources YES --filter-for-thinning-device-configuration iPhone18,3 --filter-for-device-os-version 26.1 --development-region en --target-device iphone --target-device ipad --minimum-deployment-target 17.0 --platform iphonesimulator

SwiftDriver ResetNow normal arm64 com.apple.xcode.tools.swift.compiler (in target 'ResetNow' from project 'ResetNow')
    cd /Users/tahirah-macmini/Documents/Projects\ /ResetNow
    builtin-SwiftDriver -- /Applications/Xcode.app/Contents/Developer/Toolchains/XcodeDefault.xctoolchain/usr/bin/swiftc -module-name ResetNow -Onone -enforce-exclusivity\=checked @/Users/tahirah-macmini/Library/Developer/Xcode/DerivedData/ResetNow-ggrhzvsyxraabjetqvsnsuizgdcr/Build/Intermediates.noindex/ResetNow.build/Debug-iphonesimulator/ResetNow.build/Objects-normal/arm64/ResetNow.SwiftFileList -DDEBUG -enable-bare-slash-regex -enable-experimental-feature DebugDescriptionMacro -sdk /Applications/Xcode.app/Contents/Developer/Platforms/iPhoneSimulator.platform/Developer/SDKs/iPhoneSimulator26.1.sdk -target arm64-apple-ios17.0-simulator -g -module-cache-path /Users/tahirah-macmini/Library/Developer/Xcode/DerivedData/ModuleCache.noindex -Xfrontend -serialize-debugging-options -enable-testing -index-store-path /Users/tahirah-macmini/Library/Developer/Xcode/DerivedData/ResetNow-ggrhzvsyxraabjetqvsnsuizgdcr/Index.noindex/DataStore -Xcc -D_LIBCPP_HARDENING_MODE\=_LIBCPP_HARDENING_MODE_DEBUG -swift-version 5 -I /Users/tahirah-macmini/Library/Developer/Xcode/DerivedData/ResetNow-ggrhzvsyxraabjetqvsnsuizgdcr/Build/Products/Debug-iphonesimulator -F /Users/tahirah-macmini/Library/Developer/Xcode/DerivedData/ResetNow-ggrhzvsyxraabjetqvsnsuizgdcr/Build/Products/Debug-iphonesimulator -emit-localized-strings -emit-localized-strings-path /Users/tahirah-macmini/Library/Developer/Xcode/DerivedData/ResetNow-ggrhzvsyxraabjetqvsnsuizgdcr/Build/Intermediates.noindex/ResetNow.build/Debug-iphonesimulator/ResetNow.build/Objects-normal/arm64 -c -j10 -enable-batch-mode -incremental -Xcc -ivfsstatcache -Xcc /Users/tahirah-macmini/Library/Developer/Xcode/DerivedData/SDKStatCaches.noindex/iphonesimulator26.1-23B77-90cf18a4295e390e64c810bc6bd7acbc.sdkstatcache -output-file-map /Users/tahirah-macmini/Library/Developer/Xcode/DerivedData/ResetNow-ggrhzvsyxraabjetqvsnsuizgdcr/Build/Intermediates.noindex/ResetNow.build/Debug-iphonesimulator/ResetNow.build/Objects-normal/arm64/ResetNow-OutputFileMap.json -use-frontend-parseable-output -save-temps -no-color-diagnostics -explicit-module-build -module-cache-path /Users/tahirah-macmini/Library/Developer/Xcode/DerivedData/ResetNow-ggrhzvsyxraabjetqvsnsuizgdcr/Build/Intermediates.noindex/SwiftExplicitPrecompiledModules -clang-scanner-module-cache-path /Users/tahirah-macmini/Library/Developer/Xcode/DerivedData/ModuleCache.noindex -sdk-module-cache-path /Users/tahirah-macmini/Library/Developer/Xcode/DerivedData/ModuleCache.noindex -serialize-diagnostics -emit-dependencies -emit-module -emit-module-path /Users/tahirah-macmini/Library/Developer/Xcode/DerivedData/ResetNow-ggrhzvsyxraabjetqvsnsuizgdcr/Build/Intermediates.noindex/ResetNow.build/Debug-iphonesimulator/ResetNow.build/Objects-normal/arm64/ResetNow.swiftmodule -validate-clang-modules-once -clang-build-session-file /Users/tahirah-macmini/Library/Developer/Xcode/DerivedData/ModuleCache.noindex/Session.modulevalidation -Xcc -I/Users/tahirah-macmini/Library/Developer/Xcode/DerivedData/ResetNow-ggrhzvsyxraabjetqvsnsuizgdcr/Build/Intermediates.noindex/ResetNow.build/Debug-iphonesimulator/ResetNow.build/swift-overrides.hmap -emit-const-values -Xfrontend -const-gather-protocols-file -Xfrontend /Users/tahirah-macmini/Library/Developer/Xcode/DerivedData/ResetNow-ggrhzvsyxraabjetqvsnsuizgdcr/Build/Intermediates.noindex/ResetNow.build/Debug-iphonesimulator/ResetNow.build/Objects-normal/arm64/ResetNow_const_extract_protocols.json -Xcc -iquote -Xcc /Users/tahirah-macmini/Library/Developer/Xcode/DerivedData/ResetNow-ggrhzvsyxraabjetqvsnsuizgdcr/Build/Intermediates.noindex/ResetNow.build/Debug-iphonesimulator/ResetNow.build/ResetNow-generated-files.hmap -Xcc -I/Users/tahirah-macmini/Library/Developer/Xcode/DerivedData/ResetNow-ggrhzvsyxraabjetqvsnsuizgdcr/Build/Intermediates.noindex/ResetNow.build/Debug-iphonesimulator/ResetNow.build/ResetNow-own-target-headers.hmap -Xcc -I/Users/tahirah-macmini/Library/Developer/Xcode/DerivedData/ResetNow-ggrhzvsyxraabjetqvsnsuizgdcr/Build/Intermediates.noindex/ResetNow.build/Debug-iphonesimulator/ResetNow.build/ResetNow-all-target-headers.hmap -Xcc -iquote -Xcc /Users/tahirah-macmini/Library/Developer/Xcode/DerivedData/ResetNow-ggrhzvsyxraabjetqvsnsuizgdcr/Build/Intermediates.noindex/ResetNow.build/Debug-iphonesimulator/ResetNow.build/ResetNow-project-headers.hmap -Xcc -I/Users/tahirah-macmini/Library/Developer/Xcode/DerivedData/ResetNow-ggrhzvsyxraabjetqvsnsuizgdcr/Build/Products/Debug-iphonesimulator/include -Xcc -I/Users/tahirah-macmini/Library/Developer/Xcode/DerivedData/ResetNow-ggrhzvsyxraabjetqvsnsuizgdcr/Build/Intermediates.noindex/ResetNow.build/Debug-iphonesimulator/ResetNow.build/DerivedSources-normal/arm64 -Xcc -I/Users/tahirah-macmini/Library/Developer/Xcode/DerivedData/ResetNow-ggrhzvsyxraabjetqvsnsuizgdcr/Build/Intermediates.noindex/ResetNow.build/Debug-iphonesimulator/ResetNow.build/DerivedSources/arm64 -Xcc -I/Users/tahirah-macmini/Library/Developer/Xcode/DerivedData/ResetNow-ggrhzvsyxraabjetqvsnsuizgdcr/Build/Intermediates.noindex/ResetNow.build/Debug-iphonesimulator/ResetNow.build/DerivedSources -Xcc -DDEBUG\=1 -emit-objc-header -emit-objc-header-path /Users/tahirah-macmini/Library/Developer/Xcode/DerivedData/ResetNow-ggrhzvsyxraabjetqvsnsuizgdcr/Build/Intermediates.noindex/ResetNow.build/Debug-iphonesimulator/ResetNow.build/Objects-normal/arm64/ResetNow-Swift.h -working-directory /Users/tahirah-macmini/Documents/Projects\ /ResetNow -experimental-emit-module-separately -disable-cmo
/Users/tahirah-macmini/Documents/Projects /ResetNow/ResetNow/Models/ResetTool.swift:1977:10: error: Expected ']' in container literal expression
        )
         ^ (in target 'ResetNow' from project 'ResetNow')
/Users/tahirah-macmini/Documents/Projects /ResetNow/ResetNow/Models/ResetTool.swift:1302:43: note: To match this opening '['
    static let samples: [Visualization] = [
                                          ^ (in target 'ResetNow' from project 'ResetNow')
/Users/tahirah-macmini/Documents/Projects /ResetNow/ResetNow/Models/ResetTool.swift:1978:1: error: Expected '}' in struct

^ (in target 'ResetNow' from project 'ResetNow')
/Users/tahirah-macmini/Documents/Projects /ResetNow/ResetNow/Models/ResetTool.swift:1280:45: note: To match this opening '{'
struct Visualization: Identifiable, Codable {
                                            ^ (in target 'ResetNow' from project 'ResetNow')

** BUILD FAILED **


The following build commands failed:
	SwiftDriver ResetNow normal arm64 com.apple.xcode.tools.swift.compiler (in target 'ResetNow' from project 'ResetNow')
	Building project ResetNow with scheme ResetNow
(2 failures)
